Z80 Macro Assembler ZMA v1.0.1
=====================================================
Programmed by t.hara

<< code >>
[	INCLUDE "msx.asm"] begin
Define macro {ROM_HEADER MACRO INIT}

Define macro {BSAVE_HEADER MACRO SADDR , EADDR , EXEC}

Define macro {ROM_ALIGN MACRO}

Define macro {USE_WAIT_VDP_COMMAND MACRO INTR_CTRL}

Define macro {USE_VDP_COMMAND MACRO INTR_CTRL}

[	INCLUDE "msx.asm"] end

[	ORG 0X4000]
	code address: 0x004000

((ROM_HEADER ENTRY_POINT))
	Scope path: @MACRO0:
[	DEFS "AB"]
004000: 41 42

[	DEFW ENTRY_POINT]
004002: 10 40

[	DEFW 0]
004004: 00 00

[	DEFW 0]
004006: 00 00

[	DEFW 0]
004008: 00 00

[	DEFB 0 , 0 , 0 , 0 , 0 , 0]
00400a: 00 00 00 00 00 00

[ENTRY_POINT ::]
	global label address: 0x004010

[	LD SP , [ HIMEM ]] Z80:22cyc, R800:8cyc
004010: ed 7b 4a fc

[	CALL INITIALIZE] Z80:18cyc, R800:5cyc
004014: cd 1c 40

[	CALL MAIN] Z80:18cyc, R800:5cyc
004017: cd 42 40

[	JR ENTRY_POINT] Z80:13cyc, R800:3cyc
00401a: 18 f4

[	SCOPE SC_INITIALIZE]
	Scope path: SC_INITIALIZE:

[INITIALIZE ::]
	global label address: 0x00401c

[	XOR A , A] Z80:5cyc, R800:1cyc
00401c: af

[	LD [ SEC_COUNTER ] , A] Z80:14cyc, R800:6cyc
00401d: 32 05 c0

[	LD [ MUSIC_INDEX ] , A] Z80:14cyc, R800:6cyc
004020: 32 06 c0

[	CALL GICINI] Z80:18cyc, R800:5cyc
004023: cd 90 00

[	DI] Z80:5cyc, R800:2cyc
004026: f3

[	LD HL , H_TIMI] Z80:11cyc, R800:3cyc
004027: 21 9f fd

[	LD DE , OLD_H_TIMI] Z80:11cyc, R800:3cyc
00402a: 11 00 c0

[	LD BC , 5] Z80:11cyc, R800:3cyc
00402d: 01 05 00

[	LDIR] Z80:23cyc(BC!=0), 18cyc(BC=0), R800:?cyc(BC!=0), 7cyc(BC=0)
004030: ed b0

[	LD HL , NEW_H_TIMI] Z80:11cyc, R800:3cyc
004032: 21 3f 40

[	LD DE , H_TIMI] Z80:11cyc, R800:3cyc
004035: 11 9f fd

[	LD BC , 3] Z80:11cyc, R800:3cyc
004038: 01 03 00

[	LDIR] Z80:23cyc(BC!=0), 18cyc(BC=0), R800:?cyc(BC!=0), 7cyc(BC=0)
00403b: ed b0

[	EI] Z80:5cyc, R800:1cyc
00403d: fb

[	RET] Z80:11cyc, R800:5cyc
00403e: c9

[	ENDSCOPE]
	Scope path: 

[NEW_H_TIMI ::]
	global label address: 0x00403f

[	JP INTERRUPT_HANDLER] Z80:11cyc, R800:5cyc
00403f: c3 45 40

[	SCOPE SC_MAIN]
	Scope path: SC_MAIN:

[MAIN ::]
	global label address: 0x004042

[END_LOOP :]
	label address: 0x004042

[	JP END_LOOP] Z80:11cyc, R800:5cyc
004042: c3 42 40

[	ENDSCOPE]
	Scope path: 

[	SCOPE SC_INTERRUPT_HANDLER]
	Scope path: SC_INTERRUPT_HANDLER:

[INTERRUPT_HANDLER ::]
	global label address: 0x004045

[	PUSH HL] Z80:12cyc, R800:6cyc
004045: e5

[	PUSH AF] Z80:12cyc, R800:6cyc
004046: f5

[	LD A , [ SEC_COUNTER ]] Z80:14cyc, R800:6cyc
004047: 3a 05 c0

[	INC A] Z80:5cyc, R800:1cyc
00404a: 3c

[	LD [ SEC_COUNTER ] , A] Z80:14cyc, R800:6cyc
00404b: 32 05 c0

[	CP A , 60] Z80:8cyc, R800:2cyc
00404e: fe 3c

[	JP NZ , EXIT] Z80:11cyc, R800:5cyc(cond=true), 3cyc(cond=false)
004050: c2 5e 40

[	XOR A , A] Z80:5cyc, R800:1cyc
004053: af

[	LD [ SEC_COUNTER ] , A] Z80:14cyc, R800:6cyc
004054: 32 05 c0

[	PUSH BC] Z80:12cyc, R800:6cyc
004057: c5

[	PUSH DE] Z80:12cyc, R800:6cyc
004058: d5

[	CALL PLAY_MUSIC] Z80:18cyc, R800:5cyc
004059: cd 63 40

[	POP DE] Z80:11cyc, R800:5cyc
00405c: d1

[	POP BC] Z80:11cyc, R800:5cyc
00405d: c1

[EXIT :]
	label address: 0x00405e

[	POP AF] Z80:11cyc, R800:5cyc
00405e: f1

[	POP HL] Z80:11cyc, R800:5cyc
00405f: e1

[	JP OLD_H_TIMI] Z80:11cyc, R800:5cyc
004060: c3 00 c0

[	ENDSCOPE]
	Scope path: 

[	SCOPE SC_PLAY_MUSIC]
	Scope path: SC_PLAY_MUSIC:

[PLAY_MUSIC ::]
	global label address: 0x004063

[	LD A , [ MUSIC_INDEX ]] Z80:14cyc, R800:6cyc
004063: 3a 06 c0

[	LD C , A] Z80:5cyc, R800:2cyc
004066: 4f

[	INC A] Z80:5cyc, R800:1cyc
004067: 3c

[	LD [ MUSIC_INDEX ] , A] Z80:14cyc, R800:6cyc
004068: 32 06 c0

[	LD B , 0] Z80:8cyc, R800:2cyc
00406b: 06 00

[	LD HL , MUSIC_TABLE] Z80:11cyc, R800:3cyc
00406d: 21 71 41

[	ADD HL , BC] Z80:12cyc, R800:1cyc
004070: 09

[	LD A , [ HL ]] Z80:8cyc, R800:4cyc
004071: 7e

[	CP A , T_R] Z80:8cyc, R800:2cyc
004072: fe fe

[	JP Z , REST_PROCESS] Z80:11cyc, R800:5cyc(cond=true), 3cyc(cond=false)
004074: ca 9e 40

[	JP NC , REWIND_PROCESS] Z80:11cyc, R800:5cyc(cond=true), 3cyc(cond=false)
004077: d2 aa 40

[TONE_PROCESS :]
	label address: 0x00407a

[	LD C , A] Z80:5cyc, R800:2cyc
00407a: 4f

[	LD HL , TONE_TABLE] Z80:11cyc, R800:3cyc
00407b: 21 b1 40

[	ADD HL , BC] Z80:12cyc, R800:1cyc
00407e: 09

[	ADD HL , BC] Z80:12cyc, R800:1cyc
00407f: 09

[	LD E , [ HL ]] Z80:8cyc, R800:4cyc
004080: 5e

[	INC HL] Z80:7cyc, R800:1cyc
004081: 23

[	LD D , [ HL ]] Z80:8cyc, R800:4cyc
004082: 56

[	LD C , IO_PSG_ADR] Z80:8cyc, R800:2cyc
004083: 0e a0

[	XOR A , A] Z80:5cyc, R800:1cyc
004085: af

[	OUT [ C ] , A] Z80:14cyc, R800:10 or 9cyc
004086: ed 79

[	INC C] Z80:5cyc, R800:1cyc
004088: 0c

[	OUT [ C ] , E] Z80:14cyc, R800:10 or 9cyc
004089: ed 59

[	DEC C] Z80:5cyc, R800:1cyc
00408b: 0d

[	INC A] Z80:5cyc, R800:1cyc
00408c: 3c

[	OUT [ C ] , A] Z80:14cyc, R800:10 or 9cyc
00408d: ed 79

[	INC C] Z80:5cyc, R800:1cyc
00408f: 0c

[	OUT [ C ] , D] Z80:14cyc, R800:10 or 9cyc
004090: ed 51

[	DEC C] Z80:5cyc, R800:1cyc
004092: 0d

[	LD A , 8] Z80:8cyc, R800:2cyc
004093: 3e 08

[	OUT [ C ] , A] Z80:14cyc, R800:10 or 9cyc
004095: ed 79

[	INC C] Z80:5cyc, R800:1cyc
004097: 0c

[	LD A , 15] Z80:8cyc, R800:2cyc
004098: 3e 0f

[	OUT [ C ] , A] Z80:14cyc, R800:10 or 9cyc
00409a: ed 79

[	DEC C] Z80:5cyc, R800:1cyc
00409c: 0d

[	RET] Z80:11cyc, R800:5cyc
00409d: c9

[REST_PROCESS :]
	label address: 0x00409e

[	LD C , IO_PSG_ADR] Z80:8cyc, R800:2cyc
00409e: 0e a0

[	LD A , 8] Z80:8cyc, R800:2cyc
0040a0: 3e 08

[	OUT [ C ] , A] Z80:14cyc, R800:10 or 9cyc
0040a2: ed 79

[	INC C] Z80:5cyc, R800:1cyc
0040a4: 0c

[	LD A , 0] Z80:8cyc, R800:2cyc
0040a5: 3e 00

[	OUT [ C ] , A] Z80:14cyc, R800:10 or 9cyc
0040a7: ed 79

[	RET] Z80:11cyc, R800:5cyc
0040a9: c9

[REWIND_PROCESS :]
	label address: 0x0040aa

[	XOR A , A] Z80:5cyc, R800:1cyc
0040aa: af

[	LD [ MUSIC_INDEX ] , A] Z80:14cyc, R800:6cyc
0040ab: 32 06 c0

[	JP PLAY_MUSIC] Z80:11cyc, R800:5cyc
0040ae: c3 63 40

[	ENDSCOPE]
	Scope path: 

[TONE_TABLE ::]
	global label address: 0x0040b1

[	DW 0XD5C , 0XC9D , 0XBE7 , 0XB3C , 0XA9B , 0XA02 , 0X973 , 0X8EB , 0X86B , 0X7F2 , 0X780 , 0X714]
0040b1: 5c 0d 9d 0c e7 0b 3c 0b
0040b9: 9b 0a 02 0a 73 09 eb 08
0040c1: 6b 08 f2 07 80 07 14 07

[	DW 0X6AE , 0X64E , 0X5F4 , 0X59E , 0X54D , 0X501 , 0X4B9 , 0X475 , 0X435 , 0X3F9 , 0X3C0 , 0X38A]
0040c9: ae 06 4e 06 f4 05 9e 05
0040d1: 4d 05 01 05 b9 04 75 04
0040d9: 35 04 f9 03 c0 03 8a 03

[	DW 0X357 , 0X327 , 0X2FA , 0X2CF , 0X2A7 , 0X281 , 0X25D , 0X23B , 0X21B , 0X1FC , 0X1E0 , 0X1C5]
0040e1: 57 03 27 03 fa 02 cf 02
0040e9: a7 02 81 02 5d 02 3b 02
0040f1: 1b 02 fc 01 e0 01 c5 01

[	DW 0X1AC , 0X194 , 0X17D , 0X168 , 0X153 , 0X140 , 0X12E , 0X11D , 0X10D , 0XFE , 0XF0 , 0XE2]
0040f9: ac 01 94 01 7d 01 68 01
004101: 53 01 40 01 2e 01 1d 01
004109: 0d 01 fe 00 f0 00 e2 00

[	DW 0XD6 , 0XCA , 0XBE , 0XB4 , 0XAA , 0XA0 , 0X97 , 0X8F , 0X87 , 0X7F , 0X78 , 0X71]
004111: d6 00 ca 00 be 00 b4 00
004119: aa 00 a0 00 97 00 8f 00
004121: 87 00 7f 00 78 00 71 00

[	DW 0X6B , 0X65 , 0X5F , 0X5A , 0X55 , 0X50 , 0X4C , 0X47 , 0X43 , 0X40 , 0X3C , 0X39]
004129: 6b 00 65 00 5f 00 5a 00
004131: 55 00 50 00 4c 00 47 00
004139: 43 00 40 00 3c 00 39 00

[	DW 0X35 , 0X32 , 0X30 , 0X2D , 0X2A , 0X28 , 0X26 , 0X24 , 0X22 , 0X20 , 0X1E , 0X1C]
004141: 35 00 32 00 30 00 2d 00
004149: 2a 00 28 00 26 00 24 00
004151: 22 00 20 00 1e 00 1c 00

[	DW 0X1B , 0X19 , 0X18 , 0X16 , 0X15 , 0X14 , 0X13 , 0X12 , 0X11 , 0X10 , 0XF , 0XE]
004159: 1b 00 19 00 18 00 16 00
004161: 15 00 14 00 13 00 12 00
004169: 11 00 10 00 0f 00 0e 00

[MUSIC_TABLE ::]
	global label address: 0x004171

[	DB O4 + T_C , O4 + T_D , O4 + T_E , T_R]
004171: 24 26 28 fe

[	DB O4 + T_C , O4 + T_D , O4 + T_E , T_R]
004175: 24 26 28 fe

[	DB O4 + T_G , O4 + T_E , O4 + T_D , O4 + T_C]
004179: 2b 28 26 24

[	DB O4 + T_D , O4 + T_E , O4 + T_D , T_R , T_END]
00417d: 26 28 26 fe ff

((ROM_ALIGN))
	Scope path: @MACRO1:
[IF FILE_ADDRESS % 16384]

[	DEFS " " * ( 16384 - ( FILE_ADDRESS % 16384 ) )]
004182: 20 20 20 20 20 20 20 20
00418a: 20 20 20 20 20 20 20 20
004192: 20 20 20 20 20 20 20 20
00419a: 20 20 20 20 20 20 20 20
0041a2: 20 20 20 20 20 20 20 20
0041aa: 20 20 20 20 20 20 20 20
0041b2: 20 20 20 20 20 20 20 20
0041ba: 20 20 20 20 20 20 20 20
0041c2: 20 20 20 20 20 20 20 20
0041ca: 20 20 20 20 20 20 20 20
0041d2: 20 20 20 20 20 20 20 20
0041da: 20 20 20 20 20 20 20 20
0041e2: 20 20 20 20 20 20 20 20
0041ea: 20 20 20 20 20 20 20 20
0041f2: 20 20 20 20 20 20 20 20
0041fa: 20 20 20 20 20 20 20 20
004202: 20 20 20 20 20 20 20 20
00420a: 20 20 20 20 20 20 20 20
004212: 20 20 20 20 20 20 20 20
00421a: 20 20 20 20 20 20 20 20
004222: 20 20 20 20 20 20 20 20
00422a: 20 20 20 20 20 20 20 20
004232: 20 20 20 20 20 20 20 20
00423a: 20 20 20 20 20 20 20 20
004242: 20 20 20 20 20 20 20 20
00424a: 20 20 20 20 20 20 20 20
004252: 20 20 20 20 20 20 20 20
00425a: 20 20 20 20 20 20 20 20
004262: 20 20 20 20 20 20 20 20
00426a: 20 20 20 20 20 20 20 20
004272: 20 20 20 20 20 20 20 20
00427a: 20 20 20 20 20 20 20 20
004282: 20 20 20 20 20 20 20 20
00428a: 20 20 20 20 20 20 20 20
004292: 20 20 20 20 20 20 20 20
00429a: 20 20 20 20 20 20 20 20
0042a2: 20 20 20 20 20 20 20 20
0042aa: 20 20 20 20 20 20 20 20
0042b2: 20 20 20 20 20 20 20 20
0042ba: 20 20 20 20 20 20 20 20
0042c2: 20 20 20 20 20 20 20 20
0042ca: 20 20 20 20 20 20 20 20
0042d2: 20 20 20 20 20 20 20 20
0042da: 20 20 20 20 20 20 20 20
0042e2: 20 20 20 20 20 20 20 20
0042ea: 20 20 20 20 20 20 20 20
0042f2: 20 20 20 20 20 20 20 20
0042fa: 20 20 20 20 20 20 20 20
004302: 20 20 20 20 20 20 20 20
00430a: 20 20 20 20 20 20 20 20
004312: 20 20 20 20 20 20 20 20
00431a: 20 20 20 20 20 20 20 20
004322: 20 20 20 20 20 20 20 20
00432a: 20 20 20 20 20 20 20 20
004332: 20 20 20 20 20 20 20 20
00433a: 20 20 20 20 20 20 20 20
004342: 20 20 20 20 20 20 20 20
00434a: 20 20 20 20 20 20 20 20
004352: 20 20 20 20 20 20 20 20
00435a: 20 20 20 20 20 20 20 20
004362: 20 20 20 20 20 20 20 20
00436a: 20 20 20 20 20 20 20 20
004372: 20 20 20 20 20 20 20 20
00437a: 20 20 20 20 20 20 20 20
004382: 20 20 20 20 20 20 20 20
00438a: 20 20 20 20 20 20 20 20
004392: 20 20 20 20 20 20 20 20
00439a: 20 20 20 20 20 20 20 20
0043a2: 20 20 20 20 20 20 20 20
0043aa: 20 20 20 20 20 20 20 20
0043b2: 20 20 20 20 20 20 20 20
0043ba: 20 20 20 20 20 20 20 20
0043c2: 20 20 20 20 20 20 20 20
0043ca: 20 20 20 20 20 20 20 20
0043d2: 20 20 20 20 20 20 20 20
0043da: 20 20 20 20 20 20 20 20
0043e2: 20 20 20 20 20 20 20 20
0043ea: 20 20 20 20 20 20 20 20
0043f2: 20 20 20 20 20 20 20 20
0043fa: 20 20 20 20 20 20 20 20
004402: 20 20 20 20 20 20 20 20
00440a: 20 20 20 20 20 20 20 20
004412: 20 20 20 20 20 20 20 20
00441a: 20 20 20 20 20 20 20 20
004422: 20 20 20 20 20 20 20 20
00442a: 20 20 20 20 20 20 20 20
004432: 20 20 20 20 20 20 20 20
00443a: 20 20 20 20 20 20 20 20
004442: 20 20 20 20 20 20 20 20
00444a: 20 20 20 20 20 20 20 20
004452: 20 20 20 20 20 20 20 20
00445a: 20 20 20 20 20 20 20 20
004462: 20 20 20 20 20 20 20 20
00446a: 20 20 20 20 20 20 20 20
004472: 20 20 20 20 20 20 20 20
00447a: 20 20 20 20 20 20 20 20
004482: 20 20 20 20 20 20 20 20
00448a: 20 20 20 20 20 20 20 20
004492: 20 20 20 20 20 20 20 20
00449a: 20 20 20 20 20 20 20 20
0044a2: 20 20 20 20 20 20 20 20
0044aa: 20 20 20 20 20 20 20 20
0044b2: 20 20 20 20 20 20 20 20
0044ba: 20 20 20 20 20 20 20 20
0044c2: 20 20 20 20 20 20 20 20
0044ca: 20 20 20 20 20 20 20 20
0044d2: 20 20 20 20 20 20 20 20
0044da: 20 20 20 20 20 20 20 20
0044e2: 20 20 20 20 20 20 20 20
0044ea: 20 20 20 20 20 20 20 20
0044f2: 20 20 20 20 20 20 20 20
0044fa: 20 20 20 20 20 20 20 20
004502: 20 20 20 20 20 20 20 20
00450a: 20 20 20 20 20 20 20 20
004512: 20 20 20 20 20 20 20 20
00451a: 20 20 20 20 20 20 20 20
004522: 20 20 20 20 20 20 20 20
00452a: 20 20 20 20 20 20 20 20
004532: 20 20 20 20 20 20 20 20
00453a: 20 20 20 20 20 20 20 20
004542: 20 20 20 20 20 20 20 20
00454a: 20 20 20 20 20 20 20 20
004552: 20 20 20 20 20 20 20 20
00455a: 20 20 20 20 20 20 20 20
004562: 20 20 20 20 20 20 20 20
00456a: 20 20 20 20 20 20 20 20
004572: 20 20 20 20 20 20 20 20
00457a: 20 20 20 20 20 20 20 20
004582: 20 20 20 20 20 20 20 20
00458a: 20 20 20 20 20 20 20 20
004592: 20 20 20 20 20 20 20 20
00459a: 20 20 20 20 20 20 20 20
0045a2: 20 20 20 20 20 20 20 20
0045aa: 20 20 20 20 20 20 20 20
0045b2: 20 20 20 20 20 20 20 20
0045ba: 20 20 20 20 20 20 20 20
0045c2: 20 20 20 20 20 20 20 20
0045ca: 20 20 20 20 20 20 20 20
0045d2: 20 20 20 20 20 20 20 20
0045da: 20 20 20 20 20 20 20 20
0045e2: 20 20 20 20 20 20 20 20
0045ea: 20 20 20 20 20 20 20 20
0045f2: 20 20 20 20 20 20 20 20
0045fa: 20 20 20 20 20 20 20 20
004602: 20 20 20 20 20 20 20 20
00460a: 20 20 20 20 20 20 20 20
004612: 20 20 20 20 20 20 20 20
00461a: 20 20 20 20 20 20 20 20
004622: 20 20 20 20 20 20 20 20
00462a: 20 20 20 20 20 20 20 20
004632: 20 20 20 20 20 20 20 20
00463a: 20 20 20 20 20 20 20 20
004642: 20 20 20 20 20 20 20 20
00464a: 20 20 20 20 20 20 20 20
004652: 20 20 20 20 20 20 20 20
00465a: 20 20 20 20 20 20 20 20
004662: 20 20 20 20 20 20 20 20
00466a: 20 20 20 20 20 20 20 20
004672: 20 20 20 20 20 20 20 20
00467a: 20 20 20 20 20 20 20 20
004682: 20 20 20 20 20 20 20 20
00468a: 20 20 20 20 20 20 20 20
004692: 20 20 20 20 20 20 20 20
00469a: 20 20 20 20 20 20 20 20
0046a2: 20 20 20 20 20 20 20 20
0046aa: 20 20 20 20 20 20 20 20
0046b2: 20 20 20 20 20 20 20 20
0046ba: 20 20 20 20 20 20 20 20
0046c2: 20 20 20 20 20 20 20 20
0046ca: 20 20 20 20 20 20 20 20
0046d2: 20 20 20 20 20 20 20 20
0046da: 20 20 20 20 20 20 20 20
0046e2: 20 20 20 20 20 20 20 20
0046ea: 20 20 20 20 20 20 20 20
0046f2: 20 20 20 20 20 20 20 20
0046fa: 20 20 20 20 20 20 20 20
004702: 20 20 20 20 20 20 20 20
00470a: 20 20 20 20 20 20 20 20
004712: 20 20 20 20 20 20 20 20
00471a: 20 20 20 20 20 20 20 20
004722: 20 20 20 20 20 20 20 20
00472a: 20 20 20 20 20 20 20 20
004732: 20 20 20 20 20 20 20 20
00473a: 20 20 20 20 20 20 20 20
004742: 20 20 20 20 20 20 20 20
00474a: 20 20 20 20 20 20 20 20
004752: 20 20 20 20 20 20 20 20
00475a: 20 20 20 20 20 20 20 20
004762: 20 20 20 20 20 20 20 20
00476a: 20 20 20 20 20 20 20 20
004772: 20 20 20 20 20 20 20 20
00477a: 20 20 20 20 20 20 20 20
004782: 20 20 20 20 20 20 20 20
00478a: 20 20 20 20 20 20 20 20
004792: 20 20 20 20 20 20 20 20
00479a: 20 20 20 20 20 20 20 20
0047a2: 20 20 20 20 20 20 20 20
0047aa: 20 20 20 20 20 20 20 20
0047b2: 20 20 20 20 20 20 20 20
0047ba: 20 20 20 20 20 20 20 20
0047c2: 20 20 20 20 20 20 20 20
0047ca: 20 20 20 20 20 20 20 20
0047d2: 20 20 20 20 20 20 20 20
0047da: 20 20 20 20 20 20 20 20
0047e2: 20 20 20 20 20 20 20 20
0047ea: 20 20 20 20 20 20 20 20
0047f2: 20 20 20 20 20 20 20 20
0047fa: 20 20 20 20 20 20 20 20
004802: 20 20 20 20 20 20 20 20
00480a: 20 20 20 20 20 20 20 20
004812: 20 20 20 20 20 20 20 20
00481a: 20 20 20 20 20 20 20 20
004822: 20 20 20 20 20 20 20 20
00482a: 20 20 20 20 20 20 20 20
004832: 20 20 20 20 20 20 20 20
00483a: 20 20 20 20 20 20 20 20
004842: 20 20 20 20 20 20 20 20
00484a: 20 20 20 20 20 20 20 20
004852: 20 20 20 20 20 20 20 20
00485a: 20 20 20 20 20 20 20 20
004862: 20 20 20 20 20 20 20 20
00486a: 20 20 20 20 20 20 20 20
004872: 20 20 20 20 20 20 20 20
00487a: 20 20 20 20 20 20 20 20
004882: 20 20 20 20 20 20 20 20
00488a: 20 20 20 20 20 20 20 20
004892: 20 20 20 20 20 20 20 20
00489a: 20 20 20 20 20 20 20 20
0048a2: 20 20 20 20 20 20 20 20
0048aa: 20 20 20 20 20 20 20 20
0048b2: 20 20 20 20 20 20 20 20
0048ba: 20 20 20 20 20 20 20 20
0048c2: 20 20 20 20 20 20 20 20
0048ca: 20 20 20 20 20 20 20 20
0048d2: 20 20 20 20 20 20 20 20
0048da: 20 20 20 20 20 20 20 20
0048e2: 20 20 20 20 20 20 20 20
0048ea: 20 20 20 20 20 20 20 20
0048f2: 20 20 20 20 20 20 20 20
0048fa: 20 20 20 20 20 20 20 20
004902: 20 20 20 20 20 20 20 20
00490a: 20 20 20 20 20 20 20 20
004912: 20 20 20 20 20 20 20 20
00491a: 20 20 20 20 20 20 20 20
004922: 20 20 20 20 20 20 20 20
00492a: 20 20 20 20 20 20 20 20
004932: 20 20 20 20 20 20 20 20
00493a: 20 20 20 20 20 20 20 20
004942: 20 20 20 20 20 20 20 20
00494a: 20 20 20 20 20 20 20 20
004952: 20 20 20 20 20 20 20 20
00495a: 20 20 20 20 20 20 20 20
004962: 20 20 20 20 20 20 20 20
00496a: 20 20 20 20 20 20 20 20
004972: 20 20 20 20 20 20 20 20
00497a: 20 20 20 20 20 20 20 20
004982: 20 20 20 20 20 20 20 20
00498a: 20 20 20 20 20 20 20 20
004992: 20 20 20 20 20 20 20 20
00499a: 20 20 20 20 20 20 20 20
0049a2: 20 20 20 20 20 20 20 20
0049aa: 20 20 20 20 20 20 20 20
0049b2: 20 20 20 20 20 20 20 20
0049ba: 20 20 20 20 20 20 20 20
0049c2: 20 20 20 20 20 20 20 20
0049ca: 20 20 20 20 20 20 20 20
0049d2: 20 20 20 20 20 20 20 20
0049da: 20 20 20 20 20 20 20 20
0049e2: 20 20 20 20 20 20 20 20
0049ea: 20 20 20 20 20 20 20 20
0049f2: 20 20 20 20 20 20 20 20
0049fa: 20 20 20 20 20 20 20 20
004a02: 20 20 20 20 20 20 20 20
004a0a: 20 20 20 20 20 20 20 20
004a12: 20 20 20 20 20 20 20 20
004a1a: 20 20 20 20 20 20 20 20
004a22: 20 20 20 20 20 20 20 20
004a2a: 20 20 20 20 20 20 20 20
004a32: 20 20 20 20 20 20 20 20
004a3a: 20 20 20 20 20 20 20 20
004a42: 20 20 20 20 20 20 20 20
004a4a: 20 20 20 20 20 20 20 20
004a52: 20 20 20 20 20 20 20 20
004a5a: 20 20 20 20 20 20 20 20
004a62: 20 20 20 20 20 20 20 20
004a6a: 20 20 20 20 20 20 20 20
004a72: 20 20 20 20 20 20 20 20
004a7a: 20 20 20 20 20 20 20 20
004a82: 20 20 20 20 20 20 20 20
004a8a: 20 20 20 20 20 20 20 20
004a92: 20 20 20 20 20 20 20 20
004a9a: 20 20 20 20 20 20 20 20
004aa2: 20 20 20 20 20 20 20 20
004aaa: 20 20 20 20 20 20 20 20
004ab2: 20 20 20 20 20 20 20 20
004aba: 20 20 20 20 20 20 20 20
004ac2: 20 20 20 20 20 20 20 20
004aca: 20 20 20 20 20 20 20 20
004ad2: 20 20 20 20 20 20 20 20
004ada: 20 20 20 20 20 20 20 20
004ae2: 20 20 20 20 20 20 20 20
004aea: 20 20 20 20 20 20 20 20
004af2: 20 20 20 20 20 20 20 20
004afa: 20 20 20 20 20 20 20 20
004b02: 20 20 20 20 20 20 20 20
004b0a: 20 20 20 20 20 20 20 20
004b12: 20 20 20 20 20 20 20 20
004b1a: 20 20 20 20 20 20 20 20
004b22: 20 20 20 20 20 20 20 20
004b2a: 20 20 20 20 20 20 20 20
004b32: 20 20 20 20 20 20 20 20
004b3a: 20 20 20 20 20 20 20 20
004b42: 20 20 20 20 20 20 20 20
004b4a: 20 20 20 20 20 20 20 20
004b52: 20 20 20 20 20 20 20 20
004b5a: 20 20 20 20 20 20 20 20
004b62: 20 20 20 20 20 20 20 20
004b6a: 20 20 20 20 20 20 20 20
004b72: 20 20 20 20 20 20 20 20
004b7a: 20 20 20 20 20 20 20 20
004b82: 20 20 20 20 20 20 20 20
004b8a: 20 20 20 20 20 20 20 20
004b92: 20 20 20 20 20 20 20 20
004b9a: 20 20 20 20 20 20 20 20
004ba2: 20 20 20 20 20 20 20 20
004baa: 20 20 20 20 20 20 20 20
004bb2: 20 20 20 20 20 20 20 20
004bba: 20 20 20 20 20 20 20 20
004bc2: 20 20 20 20 20 20 20 20
004bca: 20 20 20 20 20 20 20 20
004bd2: 20 20 20 20 20 20 20 20
004bda: 20 20 20 20 20 20 20 20
004be2: 20 20 20 20 20 20 20 20
004bea: 20 20 20 20 20 20 20 20
004bf2: 20 20 20 20 20 20 20 20
004bfa: 20 20 20 20 20 20 20 20
004c02: 20 20 20 20 20 20 20 20
004c0a: 20 20 20 20 20 20 20 20
004c12: 20 20 20 20 20 20 20 20
004c1a: 20 20 20 20 20 20 20 20
004c22: 20 20 20 20 20 20 20 20
004c2a: 20 20 20 20 20 20 20 20
004c32: 20 20 20 20 20 20 20 20
004c3a: 20 20 20 20 20 20 20 20
004c42: 20 20 20 20 20 20 20 20
004c4a: 20 20 20 20 20 20 20 20
004c52: 20 20 20 20 20 20 20 20
004c5a: 20 20 20 20 20 20 20 20
004c62: 20 20 20 20 20 20 20 20
004c6a: 20 20 20 20 20 20 20 20
004c72: 20 20 20 20 20 20 20 20
004c7a: 20 20 20 20 20 20 20 20
004c82: 20 20 20 20 20 20 20 20
004c8a: 20 20 20 20 20 20 20 20
004c92: 20 20 20 20 20 20 20 20
004c9a: 20 20 20 20 20 20 20 20
004ca2: 20 20 20 20 20 20 20 20
004caa: 20 20 20 20 20 20 20 20
004cb2: 20 20 20 20 20 20 20 20
004cba: 20 20 20 20 20 20 20 20
004cc2: 20 20 20 20 20 20 20 20
004cca: 20 20 20 20 20 20 20 20
004cd2: 20 20 20 20 20 20 20 20
004cda: 20 20 20 20 20 20 20 20
004ce2: 20 20 20 20 20 20 20 20
004cea: 20 20 20 20 20 20 20 20
004cf2: 20 20 20 20 20 20 20 20
004cfa: 20 20 20 20 20 20 20 20
004d02: 20 20 20 20 20 20 20 20
004d0a: 20 20 20 20 20 20 20 20
004d12: 20 20 20 20 20 20 20 20
004d1a: 20 20 20 20 20 20 20 20
004d22: 20 20 20 20 20 20 20 20
004d2a: 20 20 20 20 20 20 20 20
004d32: 20 20 20 20 20 20 20 20
004d3a: 20 20 20 20 20 20 20 20
004d42: 20 20 20 20 20 20 20 20
004d4a: 20 20 20 20 20 20 20 20
004d52: 20 20 20 20 20 20 20 20
004d5a: 20 20 20 20 20 20 20 20
004d62: 20 20 20 20 20 20 20 20
004d6a: 20 20 20 20 20 20 20 20
004d72: 20 20 20 20 20 20 20 20
004d7a: 20 20 20 20 20 20 20 20
004d82: 20 20 20 20 20 20 20 20
004d8a: 20 20 20 20 20 20 20 20
004d92: 20 20 20 20 20 20 20 20
004d9a: 20 20 20 20 20 20 20 20
004da2: 20 20 20 20 20 20 20 20
004daa: 20 20 20 20 20 20 20 20
004db2: 20 20 20 20 20 20 20 20
004dba: 20 20 20 20 20 20 20 20
004dc2: 20 20 20 20 20 20 20 20
004dca: 20 20 20 20 20 20 20 20
004dd2: 20 20 20 20 20 20 20 20
004dda: 20 20 20 20 20 20 20 20
004de2: 20 20 20 20 20 20 20 20
004dea: 20 20 20 20 20 20 20 20
004df2: 20 20 20 20 20 20 20 20
004dfa: 20 20 20 20 20 20 20 20
004e02: 20 20 20 20 20 20 20 20
004e0a: 20 20 20 20 20 20 20 20
004e12: 20 20 20 20 20 20 20 20
004e1a: 20 20 20 20 20 20 20 20
004e22: 20 20 20 20 20 20 20 20
004e2a: 20 20 20 20 20 20 20 20
004e32: 20 20 20 20 20 20 20 20
004e3a: 20 20 20 20 20 20 20 20
004e42: 20 20 20 20 20 20 20 20
004e4a: 20 20 20 20 20 20 20 20
004e52: 20 20 20 20 20 20 20 20
004e5a: 20 20 20 20 20 20 20 20
004e62: 20 20 20 20 20 20 20 20
004e6a: 20 20 20 20 20 20 20 20
004e72: 20 20 20 20 20 20 20 20
004e7a: 20 20 20 20 20 20 20 20
004e82: 20 20 20 20 20 20 20 20
004e8a: 20 20 20 20 20 20 20 20
004e92: 20 20 20 20 20 20 20 20
004e9a: 20 20 20 20 20 20 20 20
004ea2: 20 20 20 20 20 20 20 20
004eaa: 20 20 20 20 20 20 20 20
004eb2: 20 20 20 20 20 20 20 20
004eba: 20 20 20 20 20 20 20 20
004ec2: 20 20 20 20 20 20 20 20
004eca: 20 20 20 20 20 20 20 20
004ed2: 20 20 20 20 20 20 20 20
004eda: 20 20 20 20 20 20 20 20
004ee2: 20 20 20 20 20 20 20 20
004eea: 20 20 20 20 20 20 20 20
004ef2: 20 20 20 20 20 20 20 20
004efa: 20 20 20 20 20 20 20 20
004f02: 20 20 20 20 20 20 20 20
004f0a: 20 20 20 20 20 20 20 20
004f12: 20 20 20 20 20 20 20 20
004f1a: 20 20 20 20 20 20 20 20
004f22: 20 20 20 20 20 20 20 20
004f2a: 20 20 20 20 20 20 20 20
004f32: 20 20 20 20 20 20 20 20
004f3a: 20 20 20 20 20 20 20 20
004f42: 20 20 20 20 20 20 20 20
004f4a: 20 20 20 20 20 20 20 20
004f52: 20 20 20 20 20 20 20 20
004f5a: 20 20 20 20 20 20 20 20
004f62: 20 20 20 20 20 20 20 20
004f6a: 20 20 20 20 20 20 20 20
004f72: 20 20 20 20 20 20 20 20
004f7a: 20 20 20 20 20 20 20 20
004f82: 20 20 20 20 20 20 20 20
004f8a: 20 20 20 20 20 20 20 20
004f92: 20 20 20 20 20 20 20 20
004f9a: 20 20 20 20 20 20 20 20
004fa2: 20 20 20 20 20 20 20 20
004faa: 20 20 20 20 20 20 20 20
004fb2: 20 20 20 20 20 20 20 20
004fba: 20 20 20 20 20 20 20 20
004fc2: 20 20 20 20 20 20 20 20
004fca: 20 20 20 20 20 20 20 20
004fd2: 20 20 20 20 20 20 20 20
004fda: 20 20 20 20 20 20 20 20
004fe2: 20 20 20 20 20 20 20 20
004fea: 20 20 20 20 20 20 20 20
004ff2: 20 20 20 20 20 20 20 20
004ffa: 20 20 20 20 20 20 20 20
005002: 20 20 20 20 20 20 20 20
00500a: 20 20 20 20 20 20 20 20
005012: 20 20 20 20 20 20 20 20
00501a: 20 20 20 20 20 20 20 20
005022: 20 20 20 20 20 20 20 20
00502a: 20 20 20 20 20 20 20 20
005032: 20 20 20 20 20 20 20 20
00503a: 20 20 20 20 20 20 20 20
005042: 20 20 20 20 20 20 20 20
00504a: 20 20 20 20 20 20 20 20
005052: 20 20 20 20 20 20 20 20
00505a: 20 20 20 20 20 20 20 20
005062: 20 20 20 20 20 20 20 20
00506a: 20 20 20 20 20 20 20 20
005072: 20 20 20 20 20 20 20 20
00507a: 20 20 20 20 20 20 20 20
005082: 20 20 20 20 20 20 20 20
00508a: 20 20 20 20 20 20 20 20
005092: 20 20 20 20 20 20 20 20
00509a: 20 20 20 20 20 20 20 20
0050a2: 20 20 20 20 20 20 20 20
0050aa: 20 20 20 20 20 20 20 20
0050b2: 20 20 20 20 20 20 20 20
0050ba: 20 20 20 20 20 20 20 20
0050c2: 20 20 20 20 20 20 20 20
0050ca: 20 20 20 20 20 20 20 20
0050d2: 20 20 20 20 20 20 20 20
0050da: 20 20 20 20 20 20 20 20
0050e2: 20 20 20 20 20 20 20 20
0050ea: 20 20 20 20 20 20 20 20
0050f2: 20 20 20 20 20 20 20 20
0050fa: 20 20 20 20 20 20 20 20
005102: 20 20 20 20 20 20 20 20
00510a: 20 20 20 20 20 20 20 20
005112: 20 20 20 20 20 20 20 20
00511a: 20 20 20 20 20 20 20 20
005122: 20 20 20 20 20 20 20 20
00512a: 20 20 20 20 20 20 20 20
005132: 20 20 20 20 20 20 20 20
00513a: 20 20 20 20 20 20 20 20
005142: 20 20 20 20 20 20 20 20
00514a: 20 20 20 20 20 20 20 20
005152: 20 20 20 20 20 20 20 20
00515a: 20 20 20 20 20 20 20 20
005162: 20 20 20 20 20 20 20 20
00516a: 20 20 20 20 20 20 20 20
005172: 20 20 20 20 20 20 20 20
00517a: 20 20 20 20 20 20 20 20
005182: 20 20 20 20 20 20 20 20
00518a: 20 20 20 20 20 20 20 20
005192: 20 20 20 20 20 20 20 20
00519a: 20 20 20 20 20 20 20 20
0051a2: 20 20 20 20 20 20 20 20
0051aa: 20 20 20 20 20 20 20 20
0051b2: 20 20 20 20 20 20 20 20
0051ba: 20 20 20 20 20 20 20 20
0051c2: 20 20 20 20 20 20 20 20
0051ca: 20 20 20 20 20 20 20 20
0051d2: 20 20 20 20 20 20 20 20
0051da: 20 20 20 20 20 20 20 20
0051e2: 20 20 20 20 20 20 20 20
0051ea: 20 20 20 20 20 20 20 20
0051f2: 20 20 20 20 20 20 20 20
0051fa: 20 20 20 20 20 20 20 20
005202: 20 20 20 20 20 20 20 20
00520a: 20 20 20 20 20 20 20 20
005212: 20 20 20 20 20 20 20 20
00521a: 20 20 20 20 20 20 20 20
005222: 20 20 20 20 20 20 20 20
00522a: 20 20 20 20 20 20 20 20
005232: 20 20 20 20 20 20 20 20
00523a: 20 20 20 20 20 20 20 20
005242: 20 20 20 20 20 20 20 20
00524a: 20 20 20 20 20 20 20 20
005252: 20 20 20 20 20 20 20 20
00525a: 20 20 20 20 20 20 20 20
005262: 20 20 20 20 20 20 20 20
00526a: 20 20 20 20 20 20 20 20
005272: 20 20 20 20 20 20 20 20
00527a: 20 20 20 20 20 20 20 20
005282: 20 20 20 20 20 20 20 20
00528a: 20 20 20 20 20 20 20 20
005292: 20 20 20 20 20 20 20 20
00529a: 20 20 20 20 20 20 20 20
0052a2: 20 20 20 20 20 20 20 20
0052aa: 20 20 20 20 20 20 20 20
0052b2: 20 20 20 20 20 20 20 20
0052ba: 20 20 20 20 20 20 20 20
0052c2: 20 20 20 20 20 20 20 20
0052ca: 20 20 20 20 20 20 20 20
0052d2: 20 20 20 20 20 20 20 20
0052da: 20 20 20 20 20 20 20 20
0052e2: 20 20 20 20 20 20 20 20
0052ea: 20 20 20 20 20 20 20 20
0052f2: 20 20 20 20 20 20 20 20
0052fa: 20 20 20 20 20 20 20 20
005302: 20 20 20 20 20 20 20 20
00530a: 20 20 20 20 20 20 20 20
005312: 20 20 20 20 20 20 20 20
00531a: 20 20 20 20 20 20 20 20
005322: 20 20 20 20 20 20 20 20
00532a: 20 20 20 20 20 20 20 20
005332: 20 20 20 20 20 20 20 20
00533a: 20 20 20 20 20 20 20 20
005342: 20 20 20 20 20 20 20 20
00534a: 20 20 20 20 20 20 20 20
005352: 20 20 20 20 20 20 20 20
00535a: 20 20 20 20 20 20 20 20
005362: 20 20 20 20 20 20 20 20
00536a: 20 20 20 20 20 20 20 20
005372: 20 20 20 20 20 20 20 20
00537a: 20 20 20 20 20 20 20 20
005382: 20 20 20 20 20 20 20 20
00538a: 20 20 20 20 20 20 20 20
005392: 20 20 20 20 20 20 20 20
00539a: 20 20 20 20 20 20 20 20
0053a2: 20 20 20 20 20 20 20 20
0053aa: 20 20 20 20 20 20 20 20
0053b2: 20 20 20 20 20 20 20 20
0053ba: 20 20 20 20 20 20 20 20
0053c2: 20 20 20 20 20 20 20 20
0053ca: 20 20 20 20 20 20 20 20
0053d2: 20 20 20 20 20 20 20 20
0053da: 20 20 20 20 20 20 20 20
0053e2: 20 20 20 20 20 20 20 20
0053ea: 20 20 20 20 20 20 20 20
0053f2: 20 20 20 20 20 20 20 20
0053fa: 20 20 20 20 20 20 20 20
005402: 20 20 20 20 20 20 20 20
00540a: 20 20 20 20 20 20 20 20
005412: 20 20 20 20 20 20 20 20
00541a: 20 20 20 20 20 20 20 20
005422: 20 20 20 20 20 20 20 20
00542a: 20 20 20 20 20 20 20 20
005432: 20 20 20 20 20 20 20 20
00543a: 20 20 20 20 20 20 20 20
005442: 20 20 20 20 20 20 20 20
00544a: 20 20 20 20 20 20 20 20
005452: 20 20 20 20 20 20 20 20
00545a: 20 20 20 20 20 20 20 20
005462: 20 20 20 20 20 20 20 20
00546a: 20 20 20 20 20 20 20 20
005472: 20 20 20 20 20 20 20 20
00547a: 20 20 20 20 20 20 20 20
005482: 20 20 20 20 20 20 20 20
00548a: 20 20 20 20 20 20 20 20
005492: 20 20 20 20 20 20 20 20
00549a: 20 20 20 20 20 20 20 20
0054a2: 20 20 20 20 20 20 20 20
0054aa: 20 20 20 20 20 20 20 20
0054b2: 20 20 20 20 20 20 20 20
0054ba: 20 20 20 20 20 20 20 20
0054c2: 20 20 20 20 20 20 20 20
0054ca: 20 20 20 20 20 20 20 20
0054d2: 20 20 20 20 20 20 20 20
0054da: 20 20 20 20 20 20 20 20
0054e2: 20 20 20 20 20 20 20 20
0054ea: 20 20 20 20 20 20 20 20
0054f2: 20 20 20 20 20 20 20 20
0054fa: 20 20 20 20 20 20 20 20
005502: 20 20 20 20 20 20 20 20
00550a: 20 20 20 20 20 20 20 20
005512: 20 20 20 20 20 20 20 20
00551a: 20 20 20 20 20 20 20 20
005522: 20 20 20 20 20 20 20 20
00552a: 20 20 20 20 20 20 20 20
005532: 20 20 20 20 20 20 20 20
00553a: 20 20 20 20 20 20 20 20
005542: 20 20 20 20 20 20 20 20
00554a: 20 20 20 20 20 20 20 20
005552: 20 20 20 20 20 20 20 20
00555a: 20 20 20 20 20 20 20 20
005562: 20 20 20 20 20 20 20 20
00556a: 20 20 20 20 20 20 20 20
005572: 20 20 20 20 20 20 20 20
00557a: 20 20 20 20 20 20 20 20
005582: 20 20 20 20 20 20 20 20
00558a: 20 20 20 20 20 20 20 20
005592: 20 20 20 20 20 20 20 20
00559a: 20 20 20 20 20 20 20 20
0055a2: 20 20 20 20 20 20 20 20
0055aa: 20 20 20 20 20 20 20 20
0055b2: 20 20 20 20 20 20 20 20
0055ba: 20 20 20 20 20 20 20 20
0055c2: 20 20 20 20 20 20 20 20
0055ca: 20 20 20 20 20 20 20 20
0055d2: 20 20 20 20 20 20 20 20
0055da: 20 20 20 20 20 20 20 20
0055e2: 20 20 20 20 20 20 20 20
0055ea: 20 20 20 20 20 20 20 20
0055f2: 20 20 20 20 20 20 20 20
0055fa: 20 20 20 20 20 20 20 20
005602: 20 20 20 20 20 20 20 20
00560a: 20 20 20 20 20 20 20 20
005612: 20 20 20 20 20 20 20 20
00561a: 20 20 20 20 20 20 20 20
005622: 20 20 20 20 20 20 20 20
00562a: 20 20 20 20 20 20 20 20
005632: 20 20 20 20 20 20 20 20
00563a: 20 20 20 20 20 20 20 20
005642: 20 20 20 20 20 20 20 20
00564a: 20 20 20 20 20 20 20 20
005652: 20 20 20 20 20 20 20 20
00565a: 20 20 20 20 20 20 20 20
005662: 20 20 20 20 20 20 20 20
00566a: 20 20 20 20 20 20 20 20
005672: 20 20 20 20 20 20 20 20
00567a: 20 20 20 20 20 20 20 20
005682: 20 20 20 20 20 20 20 20
00568a: 20 20 20 20 20 20 20 20
005692: 20 20 20 20 20 20 20 20
00569a: 20 20 20 20 20 20 20 20
0056a2: 20 20 20 20 20 20 20 20
0056aa: 20 20 20 20 20 20 20 20
0056b2: 20 20 20 20 20 20 20 20
0056ba: 20 20 20 20 20 20 20 20
0056c2: 20 20 20 20 20 20 20 20
0056ca: 20 20 20 20 20 20 20 20
0056d2: 20 20 20 20 20 20 20 20
0056da: 20 20 20 20 20 20 20 20
0056e2: 20 20 20 20 20 20 20 20
0056ea: 20 20 20 20 20 20 20 20
0056f2: 20 20 20 20 20 20 20 20
0056fa: 20 20 20 20 20 20 20 20
005702: 20 20 20 20 20 20 20 20
00570a: 20 20 20 20 20 20 20 20
005712: 20 20 20 20 20 20 20 20
00571a: 20 20 20 20 20 20 20 20
005722: 20 20 20 20 20 20 20 20
00572a: 20 20 20 20 20 20 20 20
005732: 20 20 20 20 20 20 20 20
00573a: 20 20 20 20 20 20 20 20
005742: 20 20 20 20 20 20 20 20
00574a: 20 20 20 20 20 20 20 20
005752: 20 20 20 20 20 20 20 20
00575a: 20 20 20 20 20 20 20 20
005762: 20 20 20 20 20 20 20 20
00576a: 20 20 20 20 20 20 20 20
005772: 20 20 20 20 20 20 20 20
00577a: 20 20 20 20 20 20 20 20
005782: 20 20 20 20 20 20 20 20
00578a: 20 20 20 20 20 20 20 20
005792: 20 20 20 20 20 20 20 20
00579a: 20 20 20 20 20 20 20 20
0057a2: 20 20 20 20 20 20 20 20
0057aa: 20 20 20 20 20 20 20 20
0057b2: 20 20 20 20 20 20 20 20
0057ba: 20 20 20 20 20 20 20 20
0057c2: 20 20 20 20 20 20 20 20
0057ca: 20 20 20 20 20 20 20 20
0057d2: 20 20 20 20 20 20 20 20
0057da: 20 20 20 20 20 20 20 20
0057e2: 20 20 20 20 20 20 20 20
0057ea: 20 20 20 20 20 20 20 20
0057f2: 20 20 20 20 20 20 20 20
0057fa: 20 20 20 20 20 20 20 20
005802: 20 20 20 20 20 20 20 20
00580a: 20 20 20 20 20 20 20 20
005812: 20 20 20 20 20 20 20 20
00581a: 20 20 20 20 20 20 20 20
005822: 20 20 20 20 20 20 20 20
00582a: 20 20 20 20 20 20 20 20
005832: 20 20 20 20 20 20 20 20
00583a: 20 20 20 20 20 20 20 20
005842: 20 20 20 20 20 20 20 20
00584a: 20 20 20 20 20 20 20 20
005852: 20 20 20 20 20 20 20 20
00585a: 20 20 20 20 20 20 20 20
005862: 20 20 20 20 20 20 20 20
00586a: 20 20 20 20 20 20 20 20
005872: 20 20 20 20 20 20 20 20
00587a: 20 20 20 20 20 20 20 20
005882: 20 20 20 20 20 20 20 20
00588a: 20 20 20 20 20 20 20 20
005892: 20 20 20 20 20 20 20 20
00589a: 20 20 20 20 20 20 20 20
0058a2: 20 20 20 20 20 20 20 20
0058aa: 20 20 20 20 20 20 20 20
0058b2: 20 20 20 20 20 20 20 20
0058ba: 20 20 20 20 20 20 20 20
0058c2: 20 20 20 20 20 20 20 20
0058ca: 20 20 20 20 20 20 20 20
0058d2: 20 20 20 20 20 20 20 20
0058da: 20 20 20 20 20 20 20 20
0058e2: 20 20 20 20 20 20 20 20
0058ea: 20 20 20 20 20 20 20 20
0058f2: 20 20 20 20 20 20 20 20
0058fa: 20 20 20 20 20 20 20 20
005902: 20 20 20 20 20 20 20 20
00590a: 20 20 20 20 20 20 20 20
005912: 20 20 20 20 20 20 20 20
00591a: 20 20 20 20 20 20 20 20
005922: 20 20 20 20 20 20 20 20
00592a: 20 20 20 20 20 20 20 20
005932: 20 20 20 20 20 20 20 20
00593a: 20 20 20 20 20 20 20 20
005942: 20 20 20 20 20 20 20 20
00594a: 20 20 20 20 20 20 20 20
005952: 20 20 20 20 20 20 20 20
00595a: 20 20 20 20 20 20 20 20
005962: 20 20 20 20 20 20 20 20
00596a: 20 20 20 20 20 20 20 20
005972: 20 20 20 20 20 20 20 20
00597a: 20 20 20 20 20 20 20 20
005982: 20 20 20 20 20 20 20 20
00598a: 20 20 20 20 20 20 20 20
005992: 20 20 20 20 20 20 20 20
00599a: 20 20 20 20 20 20 20 20
0059a2: 20 20 20 20 20 20 20 20
0059aa: 20 20 20 20 20 20 20 20
0059b2: 20 20 20 20 20 20 20 20
0059ba: 20 20 20 20 20 20 20 20
0059c2: 20 20 20 20 20 20 20 20
0059ca: 20 20 20 20 20 20 20 20
0059d2: 20 20 20 20 20 20 20 20
0059da: 20 20 20 20 20 20 20 20
0059e2: 20 20 20 20 20 20 20 20
0059ea: 20 20 20 20 20 20 20 20
0059f2: 20 20 20 20 20 20 20 20
0059fa: 20 20 20 20 20 20 20 20
005a02: 20 20 20 20 20 20 20 20
005a0a: 20 20 20 20 20 20 20 20
005a12: 20 20 20 20 20 20 20 20
005a1a: 20 20 20 20 20 20 20 20
005a22: 20 20 20 20 20 20 20 20
005a2a: 20 20 20 20 20 20 20 20
005a32: 20 20 20 20 20 20 20 20
005a3a: 20 20 20 20 20 20 20 20
005a42: 20 20 20 20 20 20 20 20
005a4a: 20 20 20 20 20 20 20 20
005a52: 20 20 20 20 20 20 20 20
005a5a: 20 20 20 20 20 20 20 20
005a62: 20 20 20 20 20 20 20 20
005a6a: 20 20 20 20 20 20 20 20
005a72: 20 20 20 20 20 20 20 20
005a7a: 20 20 20 20 20 20 20 20
005a82: 20 20 20 20 20 20 20 20
005a8a: 20 20 20 20 20 20 20 20
005a92: 20 20 20 20 20 20 20 20
005a9a: 20 20 20 20 20 20 20 20
005aa2: 20 20 20 20 20 20 20 20
005aaa: 20 20 20 20 20 20 20 20
005ab2: 20 20 20 20 20 20 20 20
005aba: 20 20 20 20 20 20 20 20
005ac2: 20 20 20 20 20 20 20 20
005aca: 20 20 20 20 20 20 20 20
005ad2: 20 20 20 20 20 20 20 20
005ada: 20 20 20 20 20 20 20 20
005ae2: 20 20 20 20 20 20 20 20
005aea: 20 20 20 20 20 20 20 20
005af2: 20 20 20 20 20 20 20 20
005afa: 20 20 20 20 20 20 20 20
005b02: 20 20 20 20 20 20 20 20
005b0a: 20 20 20 20 20 20 20 20
005b12: 20 20 20 20 20 20 20 20
005b1a: 20 20 20 20 20 20 20 20
005b22: 20 20 20 20 20 20 20 20
005b2a: 20 20 20 20 20 20 20 20
005b32: 20 20 20 20 20 20 20 20
005b3a: 20 20 20 20 20 20 20 20
005b42: 20 20 20 20 20 20 20 20
005b4a: 20 20 20 20 20 20 20 20
005b52: 20 20 20 20 20 20 20 20
005b5a: 20 20 20 20 20 20 20 20
005b62: 20 20 20 20 20 20 20 20
005b6a: 20 20 20 20 20 20 20 20
005b72: 20 20 20 20 20 20 20 20
005b7a: 20 20 20 20 20 20 20 20
005b82: 20 20 20 20 20 20 20 20
005b8a: 20 20 20 20 20 20 20 20
005b92: 20 20 20 20 20 20 20 20
005b9a: 20 20 20 20 20 20 20 20
005ba2: 20 20 20 20 20 20 20 20
005baa: 20 20 20 20 20 20 20 20
005bb2: 20 20 20 20 20 20 20 20
005bba: 20 20 20 20 20 20 20 20
005bc2: 20 20 20 20 20 20 20 20
005bca: 20 20 20 20 20 20 20 20
005bd2: 20 20 20 20 20 20 20 20
005bda: 20 20 20 20 20 20 20 20
005be2: 20 20 20 20 20 20 20 20
005bea: 20 20 20 20 20 20 20 20
005bf2: 20 20 20 20 20 20 20 20
005bfa: 20 20 20 20 20 20 20 20
005c02: 20 20 20 20 20 20 20 20
005c0a: 20 20 20 20 20 20 20 20
005c12: 20 20 20 20 20 20 20 20
005c1a: 20 20 20 20 20 20 20 20
005c22: 20 20 20 20 20 20 20 20
005c2a: 20 20 20 20 20 20 20 20
005c32: 20 20 20 20 20 20 20 20
005c3a: 20 20 20 20 20 20 20 20
005c42: 20 20 20 20 20 20 20 20
005c4a: 20 20 20 20 20 20 20 20
005c52: 20 20 20 20 20 20 20 20
005c5a: 20 20 20 20 20 20 20 20
005c62: 20 20 20 20 20 20 20 20
005c6a: 20 20 20 20 20 20 20 20
005c72: 20 20 20 20 20 20 20 20
005c7a: 20 20 20 20 20 20 20 20
005c82: 20 20 20 20 20 20 20 20
005c8a: 20 20 20 20 20 20 20 20
005c92: 20 20 20 20 20 20 20 20
005c9a: 20 20 20 20 20 20 20 20
005ca2: 20 20 20 20 20 20 20 20
005caa: 20 20 20 20 20 20 20 20
005cb2: 20 20 20 20 20 20 20 20
005cba: 20 20 20 20 20 20 20 20
005cc2: 20 20 20 20 20 20 20 20
005cca: 20 20 20 20 20 20 20 20
005cd2: 20 20 20 20 20 20 20 20
005cda: 20 20 20 20 20 20 20 20
005ce2: 20 20 20 20 20 20 20 20
005cea: 20 20 20 20 20 20 20 20
005cf2: 20 20 20 20 20 20 20 20
005cfa: 20 20 20 20 20 20 20 20
005d02: 20 20 20 20 20 20 20 20
005d0a: 20 20 20 20 20 20 20 20
005d12: 20 20 20 20 20 20 20 20
005d1a: 20 20 20 20 20 20 20 20
005d22: 20 20 20 20 20 20 20 20
005d2a: 20 20 20 20 20 20 20 20
005d32: 20 20 20 20 20 20 20 20
005d3a: 20 20 20 20 20 20 20 20
005d42: 20 20 20 20 20 20 20 20
005d4a: 20 20 20 20 20 20 20 20
005d52: 20 20 20 20 20 20 20 20
005d5a: 20 20 20 20 20 20 20 20
005d62: 20 20 20 20 20 20 20 20
005d6a: 20 20 20 20 20 20 20 20
005d72: 20 20 20 20 20 20 20 20
005d7a: 20 20 20 20 20 20 20 20
005d82: 20 20 20 20 20 20 20 20
005d8a: 20 20 20 20 20 20 20 20
005d92: 20 20 20 20 20 20 20 20
005d9a: 20 20 20 20 20 20 20 20
005da2: 20 20 20 20 20 20 20 20
005daa: 20 20 20 20 20 20 20 20
005db2: 20 20 20 20 20 20 20 20
005dba: 20 20 20 20 20 20 20 20
005dc2: 20 20 20 20 20 20 20 20
005dca: 20 20 20 20 20 20 20 20
005dd2: 20 20 20 20 20 20 20 20
005dda: 20 20 20 20 20 20 20 20
005de2: 20 20 20 20 20 20 20 20
005dea: 20 20 20 20 20 20 20 20
005df2: 20 20 20 20 20 20 20 20
005dfa: 20 20 20 20 20 20 20 20
005e02: 20 20 20 20 20 20 20 20
005e0a: 20 20 20 20 20 20 20 20
005e12: 20 20 20 20 20 20 20 20
005e1a: 20 20 20 20 20 20 20 20
005e22: 20 20 20 20 20 20 20 20
005e2a: 20 20 20 20 20 20 20 20
005e32: 20 20 20 20 20 20 20 20
005e3a: 20 20 20 20 20 20 20 20
005e42: 20 20 20 20 20 20 20 20
005e4a: 20 20 20 20 20 20 20 20
005e52: 20 20 20 20 20 20 20 20
005e5a: 20 20 20 20 20 20 20 20
005e62: 20 20 20 20 20 20 20 20
005e6a: 20 20 20 20 20 20 20 20
005e72: 20 20 20 20 20 20 20 20
005e7a: 20 20 20 20 20 20 20 20
005e82: 20 20 20 20 20 20 20 20
005e8a: 20 20 20 20 20 20 20 20
005e92: 20 20 20 20 20 20 20 20
005e9a: 20 20 20 20 20 20 20 20
005ea2: 20 20 20 20 20 20 20 20
005eaa: 20 20 20 20 20 20 20 20
005eb2: 20 20 20 20 20 20 20 20
005eba: 20 20 20 20 20 20 20 20
005ec2: 20 20 20 20 20 20 20 20
005eca: 20 20 20 20 20 20 20 20
005ed2: 20 20 20 20 20 20 20 20
005eda: 20 20 20 20 20 20 20 20
005ee2: 20 20 20 20 20 20 20 20
005eea: 20 20 20 20 20 20 20 20
005ef2: 20 20 20 20 20 20 20 20
005efa: 20 20 20 20 20 20 20 20
005f02: 20 20 20 20 20 20 20 20
005f0a: 20 20 20 20 20 20 20 20
005f12: 20 20 20 20 20 20 20 20
005f1a: 20 20 20 20 20 20 20 20
005f22: 20 20 20 20 20 20 20 20
005f2a: 20 20 20 20 20 20 20 20
005f32: 20 20 20 20 20 20 20 20
005f3a: 20 20 20 20 20 20 20 20
005f42: 20 20 20 20 20 20 20 20
005f4a: 20 20 20 20 20 20 20 20
005f52: 20 20 20 20 20 20 20 20
005f5a: 20 20 20 20 20 20 20 20
005f62: 20 20 20 20 20 20 20 20
005f6a: 20 20 20 20 20 20 20 20
005f72: 20 20 20 20 20 20 20 20
005f7a: 20 20 20 20 20 20 20 20
005f82: 20 20 20 20 20 20 20 20
005f8a: 20 20 20 20 20 20 20 20
005f92: 20 20 20 20 20 20 20 20
005f9a: 20 20 20 20 20 20 20 20
005fa2: 20 20 20 20 20 20 20 20
005faa: 20 20 20 20 20 20 20 20
005fb2: 20 20 20 20 20 20 20 20
005fba: 20 20 20 20 20 20 20 20
005fc2: 20 20 20 20 20 20 20 20
005fca: 20 20 20 20 20 20 20 20
005fd2: 20 20 20 20 20 20 20 20
005fda: 20 20 20 20 20 20 20 20
005fe2: 20 20 20 20 20 20 20 20
005fea: 20 20 20 20 20 20 20 20
005ff2: 20 20 20 20 20 20 20 20
005ffa: 20 20 20 20 20 20 20 20
006002: 20 20 20 20 20 20 20 20
00600a: 20 20 20 20 20 20 20 20
006012: 20 20 20 20 20 20 20 20
00601a: 20 20 20 20 20 20 20 20
006022: 20 20 20 20 20 20 20 20
00602a: 20 20 20 20 20 20 20 20
006032: 20 20 20 20 20 20 20 20
00603a: 20 20 20 20 20 20 20 20
006042: 20 20 20 20 20 20 20 20
00604a: 20 20 20 20 20 20 20 20
006052: 20 20 20 20 20 20 20 20
00605a: 20 20 20 20 20 20 20 20
006062: 20 20 20 20 20 20 20 20
00606a: 20 20 20 20 20 20 20 20
006072: 20 20 20 20 20 20 20 20
00607a: 20 20 20 20 20 20 20 20
006082: 20 20 20 20 20 20 20 20
00608a: 20 20 20 20 20 20 20 20
006092: 20 20 20 20 20 20 20 20
00609a: 20 20 20 20 20 20 20 20
0060a2: 20 20 20 20 20 20 20 20
0060aa: 20 20 20 20 20 20 20 20
0060b2: 20 20 20 20 20 20 20 20
0060ba: 20 20 20 20 20 20 20 20
0060c2: 20 20 20 20 20 20 20 20
0060ca: 20 20 20 20 20 20 20 20
0060d2: 20 20 20 20 20 20 20 20
0060da: 20 20 20 20 20 20 20 20
0060e2: 20 20 20 20 20 20 20 20
0060ea: 20 20 20 20 20 20 20 20
0060f2: 20 20 20 20 20 20 20 20
0060fa: 20 20 20 20 20 20 20 20
006102: 20 20 20 20 20 20 20 20
00610a: 20 20 20 20 20 20 20 20
006112: 20 20 20 20 20 20 20 20
00611a: 20 20 20 20 20 20 20 20
006122: 20 20 20 20 20 20 20 20
00612a: 20 20 20 20 20 20 20 20
006132: 20 20 20 20 20 20 20 20
00613a: 20 20 20 20 20 20 20 20
006142: 20 20 20 20 20 20 20 20
00614a: 20 20 20 20 20 20 20 20
006152: 20 20 20 20 20 20 20 20
00615a: 20 20 20 20 20 20 20 20
006162: 20 20 20 20 20 20 20 20
00616a: 20 20 20 20 20 20 20 20
006172: 20 20 20 20 20 20 20 20
00617a: 20 20 20 20 20 20 20 20
006182: 20 20 20 20 20 20 20 20
00618a: 20 20 20 20 20 20 20 20
006192: 20 20 20 20 20 20 20 20
00619a: 20 20 20 20 20 20 20 20
0061a2: 20 20 20 20 20 20 20 20
0061aa: 20 20 20 20 20 20 20 20
0061b2: 20 20 20 20 20 20 20 20
0061ba: 20 20 20 20 20 20 20 20
0061c2: 20 20 20 20 20 20 20 20
0061ca: 20 20 20 20 20 20 20 20
0061d2: 20 20 20 20 20 20 20 20
0061da: 20 20 20 20 20 20 20 20
0061e2: 20 20 20 20 20 20 20 20
0061ea: 20 20 20 20 20 20 20 20
0061f2: 20 20 20 20 20 20 20 20
0061fa: 20 20 20 20 20 20 20 20
006202: 20 20 20 20 20 20 20 20
00620a: 20 20 20 20 20 20 20 20
006212: 20 20 20 20 20 20 20 20
00621a: 20 20 20 20 20 20 20 20
006222: 20 20 20 20 20 20 20 20
00622a: 20 20 20 20 20 20 20 20
006232: 20 20 20 20 20 20 20 20
00623a: 20 20 20 20 20 20 20 20
006242: 20 20 20 20 20 20 20 20
00624a: 20 20 20 20 20 20 20 20
006252: 20 20 20 20 20 20 20 20
00625a: 20 20 20 20 20 20 20 20
006262: 20 20 20 20 20 20 20 20
00626a: 20 20 20 20 20 20 20 20
006272: 20 20 20 20 20 20 20 20
00627a: 20 20 20 20 20 20 20 20
006282: 20 20 20 20 20 20 20 20
00628a: 20 20 20 20 20 20 20 20
006292: 20 20 20 20 20 20 20 20
00629a: 20 20 20 20 20 20 20 20
0062a2: 20 20 20 20 20 20 20 20
0062aa: 20 20 20 20 20 20 20 20
0062b2: 20 20 20 20 20 20 20 20
0062ba: 20 20 20 20 20 20 20 20
0062c2: 20 20 20 20 20 20 20 20
0062ca: 20 20 20 20 20 20 20 20
0062d2: 20 20 20 20 20 20 20 20
0062da: 20 20 20 20 20 20 20 20
0062e2: 20 20 20 20 20 20 20 20
0062ea: 20 20 20 20 20 20 20 20
0062f2: 20 20 20 20 20 20 20 20
0062fa: 20 20 20 20 20 20 20 20
006302: 20 20 20 20 20 20 20 20
00630a: 20 20 20 20 20 20 20 20
006312: 20 20 20 20 20 20 20 20
00631a: 20 20 20 20 20 20 20 20
006322: 20 20 20 20 20 20 20 20
00632a: 20 20 20 20 20 20 20 20
006332: 20 20 20 20 20 20 20 20
00633a: 20 20 20 20 20 20 20 20
006342: 20 20 20 20 20 20 20 20
00634a: 20 20 20 20 20 20 20 20
006352: 20 20 20 20 20 20 20 20
00635a: 20 20 20 20 20 20 20 20
006362: 20 20 20 20 20 20 20 20
00636a: 20 20 20 20 20 20 20 20
006372: 20 20 20 20 20 20 20 20
00637a: 20 20 20 20 20 20 20 20
006382: 20 20 20 20 20 20 20 20
00638a: 20 20 20 20 20 20 20 20
006392: 20 20 20 20 20 20 20 20
00639a: 20 20 20 20 20 20 20 20
0063a2: 20 20 20 20 20 20 20 20
0063aa: 20 20 20 20 20 20 20 20
0063b2: 20 20 20 20 20 20 20 20
0063ba: 20 20 20 20 20 20 20 20
0063c2: 20 20 20 20 20 20 20 20
0063ca: 20 20 20 20 20 20 20 20
0063d2: 20 20 20 20 20 20 20 20
0063da: 20 20 20 20 20 20 20 20
0063e2: 20 20 20 20 20 20 20 20
0063ea: 20 20 20 20 20 20 20 20
0063f2: 20 20 20 20 20 20 20 20
0063fa: 20 20 20 20 20 20 20 20
006402: 20 20 20 20 20 20 20 20
00640a: 20 20 20 20 20 20 20 20
006412: 20 20 20 20 20 20 20 20
00641a: 20 20 20 20 20 20 20 20
006422: 20 20 20 20 20 20 20 20
00642a: 20 20 20 20 20 20 20 20
006432: 20 20 20 20 20 20 20 20
00643a: 20 20 20 20 20 20 20 20
006442: 20 20 20 20 20 20 20 20
00644a: 20 20 20 20 20 20 20 20
006452: 20 20 20 20 20 20 20 20
00645a: 20 20 20 20 20 20 20 20
006462: 20 20 20 20 20 20 20 20
00646a: 20 20 20 20 20 20 20 20
006472: 20 20 20 20 20 20 20 20
00647a: 20 20 20 20 20 20 20 20
006482: 20 20 20 20 20 20 20 20
00648a: 20 20 20 20 20 20 20 20
006492: 20 20 20 20 20 20 20 20
00649a: 20 20 20 20 20 20 20 20
0064a2: 20 20 20 20 20 20 20 20
0064aa: 20 20 20 20 20 20 20 20
0064b2: 20 20 20 20 20 20 20 20
0064ba: 20 20 20 20 20 20 20 20
0064c2: 20 20 20 20 20 20 20 20
0064ca: 20 20 20 20 20 20 20 20
0064d2: 20 20 20 20 20 20 20 20
0064da: 20 20 20 20 20 20 20 20
0064e2: 20 20 20 20 20 20 20 20
0064ea: 20 20 20 20 20 20 20 20
0064f2: 20 20 20 20 20 20 20 20
0064fa: 20 20 20 20 20 20 20 20
006502: 20 20 20 20 20 20 20 20
00650a: 20 20 20 20 20 20 20 20
006512: 20 20 20 20 20 20 20 20
00651a: 20 20 20 20 20 20 20 20
006522: 20 20 20 20 20 20 20 20
00652a: 20 20 20 20 20 20 20 20
006532: 20 20 20 20 20 20 20 20
00653a: 20 20 20 20 20 20 20 20
006542: 20 20 20 20 20 20 20 20
00654a: 20 20 20 20 20 20 20 20
006552: 20 20 20 20 20 20 20 20
00655a: 20 20 20 20 20 20 20 20
006562: 20 20 20 20 20 20 20 20
00656a: 20 20 20 20 20 20 20 20
006572: 20 20 20 20 20 20 20 20
00657a: 20 20 20 20 20 20 20 20
006582: 20 20 20 20 20 20 20 20
00658a: 20 20 20 20 20 20 20 20
006592: 20 20 20 20 20 20 20 20
00659a: 20 20 20 20 20 20 20 20
0065a2: 20 20 20 20 20 20 20 20
0065aa: 20 20 20 20 20 20 20 20
0065b2: 20 20 20 20 20 20 20 20
0065ba: 20 20 20 20 20 20 20 20
0065c2: 20 20 20 20 20 20 20 20
0065ca: 20 20 20 20 20 20 20 20
0065d2: 20 20 20 20 20 20 20 20
0065da: 20 20 20 20 20 20 20 20
0065e2: 20 20 20 20 20 20 20 20
0065ea: 20 20 20 20 20 20 20 20
0065f2: 20 20 20 20 20 20 20 20
0065fa: 20 20 20 20 20 20 20 20
006602: 20 20 20 20 20 20 20 20
00660a: 20 20 20 20 20 20 20 20
006612: 20 20 20 20 20 20 20 20
00661a: 20 20 20 20 20 20 20 20
006622: 20 20 20 20 20 20 20 20
00662a: 20 20 20 20 20 20 20 20
006632: 20 20 20 20 20 20 20 20
00663a: 20 20 20 20 20 20 20 20
006642: 20 20 20 20 20 20 20 20
00664a: 20 20 20 20 20 20 20 20
006652: 20 20 20 20 20 20 20 20
00665a: 20 20 20 20 20 20 20 20
006662: 20 20 20 20 20 20 20 20
00666a: 20 20 20 20 20 20 20 20
006672: 20 20 20 20 20 20 20 20
00667a: 20 20 20 20 20 20 20 20
006682: 20 20 20 20 20 20 20 20
00668a: 20 20 20 20 20 20 20 20
006692: 20 20 20 20 20 20 20 20
00669a: 20 20 20 20 20 20 20 20
0066a2: 20 20 20 20 20 20 20 20
0066aa: 20 20 20 20 20 20 20 20
0066b2: 20 20 20 20 20 20 20 20
0066ba: 20 20 20 20 20 20 20 20
0066c2: 20 20 20 20 20 20 20 20
0066ca: 20 20 20 20 20 20 20 20
0066d2: 20 20 20 20 20 20 20 20
0066da: 20 20 20 20 20 20 20 20
0066e2: 20 20 20 20 20 20 20 20
0066ea: 20 20 20 20 20 20 20 20
0066f2: 20 20 20 20 20 20 20 20
0066fa: 20 20 20 20 20 20 20 20
006702: 20 20 20 20 20 20 20 20
00670a: 20 20 20 20 20 20 20 20
006712: 20 20 20 20 20 20 20 20
00671a: 20 20 20 20 20 20 20 20
006722: 20 20 20 20 20 20 20 20
00672a: 20 20 20 20 20 20 20 20
006732: 20 20 20 20 20 20 20 20
00673a: 20 20 20 20 20 20 20 20
006742: 20 20 20 20 20 20 20 20
00674a: 20 20 20 20 20 20 20 20
006752: 20 20 20 20 20 20 20 20
00675a: 20 20 20 20 20 20 20 20
006762: 20 20 20 20 20 20 20 20
00676a: 20 20 20 20 20 20 20 20
006772: 20 20 20 20 20 20 20 20
00677a: 20 20 20 20 20 20 20 20
006782: 20 20 20 20 20 20 20 20
00678a: 20 20 20 20 20 20 20 20
006792: 20 20 20 20 20 20 20 20
00679a: 20 20 20 20 20 20 20 20
0067a2: 20 20 20 20 20 20 20 20
0067aa: 20 20 20 20 20 20 20 20
0067b2: 20 20 20 20 20 20 20 20
0067ba: 20 20 20 20 20 20 20 20
0067c2: 20 20 20 20 20 20 20 20
0067ca: 20 20 20 20 20 20 20 20
0067d2: 20 20 20 20 20 20 20 20
0067da: 20 20 20 20 20 20 20 20
0067e2: 20 20 20 20 20 20 20 20
0067ea: 20 20 20 20 20 20 20 20
0067f2: 20 20 20 20 20 20 20 20
0067fa: 20 20 20 20 20 20 20 20
006802: 20 20 20 20 20 20 20 20
00680a: 20 20 20 20 20 20 20 20
006812: 20 20 20 20 20 20 20 20
00681a: 20 20 20 20 20 20 20 20
006822: 20 20 20 20 20 20 20 20
00682a: 20 20 20 20 20 20 20 20
006832: 20 20 20 20 20 20 20 20
00683a: 20 20 20 20 20 20 20 20
006842: 20 20 20 20 20 20 20 20
00684a: 20 20 20 20 20 20 20 20
006852: 20 20 20 20 20 20 20 20
00685a: 20 20 20 20 20 20 20 20
006862: 20 20 20 20 20 20 20 20
00686a: 20 20 20 20 20 20 20 20
006872: 20 20 20 20 20 20 20 20
00687a: 20 20 20 20 20 20 20 20
006882: 20 20 20 20 20 20 20 20
00688a: 20 20 20 20 20 20 20 20
006892: 20 20 20 20 20 20 20 20
00689a: 20 20 20 20 20 20 20 20
0068a2: 20 20 20 20 20 20 20 20
0068aa: 20 20 20 20 20 20 20 20
0068b2: 20 20 20 20 20 20 20 20
0068ba: 20 20 20 20 20 20 20 20
0068c2: 20 20 20 20 20 20 20 20
0068ca: 20 20 20 20 20 20 20 20
0068d2: 20 20 20 20 20 20 20 20
0068da: 20 20 20 20 20 20 20 20
0068e2: 20 20 20 20 20 20 20 20
0068ea: 20 20 20 20 20 20 20 20
0068f2: 20 20 20 20 20 20 20 20
0068fa: 20 20 20 20 20 20 20 20
006902: 20 20 20 20 20 20 20 20
00690a: 20 20 20 20 20 20 20 20
006912: 20 20 20 20 20 20 20 20
00691a: 20 20 20 20 20 20 20 20
006922: 20 20 20 20 20 20 20 20
00692a: 20 20 20 20 20 20 20 20
006932: 20 20 20 20 20 20 20 20
00693a: 20 20 20 20 20 20 20 20
006942: 20 20 20 20 20 20 20 20
00694a: 20 20 20 20 20 20 20 20
006952: 20 20 20 20 20 20 20 20
00695a: 20 20 20 20 20 20 20 20
006962: 20 20 20 20 20 20 20 20
00696a: 20 20 20 20 20 20 20 20
006972: 20 20 20 20 20 20 20 20
00697a: 20 20 20 20 20 20 20 20
006982: 20 20 20 20 20 20 20 20
00698a: 20 20 20 20 20 20 20 20
006992: 20 20 20 20 20 20 20 20
00699a: 20 20 20 20 20 20 20 20
0069a2: 20 20 20 20 20 20 20 20
0069aa: 20 20 20 20 20 20 20 20
0069b2: 20 20 20 20 20 20 20 20
0069ba: 20 20 20 20 20 20 20 20
0069c2: 20 20 20 20 20 20 20 20
0069ca: 20 20 20 20 20 20 20 20
0069d2: 20 20 20 20 20 20 20 20
0069da: 20 20 20 20 20 20 20 20
0069e2: 20 20 20 20 20 20 20 20
0069ea: 20 20 20 20 20 20 20 20
0069f2: 20 20 20 20 20 20 20 20
0069fa: 20 20 20 20 20 20 20 20
006a02: 20 20 20 20 20 20 20 20
006a0a: 20 20 20 20 20 20 20 20
006a12: 20 20 20 20 20 20 20 20
006a1a: 20 20 20 20 20 20 20 20
006a22: 20 20 20 20 20 20 20 20
006a2a: 20 20 20 20 20 20 20 20
006a32: 20 20 20 20 20 20 20 20
006a3a: 20 20 20 20 20 20 20 20
006a42: 20 20 20 20 20 20 20 20
006a4a: 20 20 20 20 20 20 20 20
006a52: 20 20 20 20 20 20 20 20
006a5a: 20 20 20 20 20 20 20 20
006a62: 20 20 20 20 20 20 20 20
006a6a: 20 20 20 20 20 20 20 20
006a72: 20 20 20 20 20 20 20 20
006a7a: 20 20 20 20 20 20 20 20
006a82: 20 20 20 20 20 20 20 20
006a8a: 20 20 20 20 20 20 20 20
006a92: 20 20 20 20 20 20 20 20
006a9a: 20 20 20 20 20 20 20 20
006aa2: 20 20 20 20 20 20 20 20
006aaa: 20 20 20 20 20 20 20 20
006ab2: 20 20 20 20 20 20 20 20
006aba: 20 20 20 20 20 20 20 20
006ac2: 20 20 20 20 20 20 20 20
006aca: 20 20 20 20 20 20 20 20
006ad2: 20 20 20 20 20 20 20 20
006ada: 20 20 20 20 20 20 20 20
006ae2: 20 20 20 20 20 20 20 20
006aea: 20 20 20 20 20 20 20 20
006af2: 20 20 20 20 20 20 20 20
006afa: 20 20 20 20 20 20 20 20
006b02: 20 20 20 20 20 20 20 20
006b0a: 20 20 20 20 20 20 20 20
006b12: 20 20 20 20 20 20 20 20
006b1a: 20 20 20 20 20 20 20 20
006b22: 20 20 20 20 20 20 20 20
006b2a: 20 20 20 20 20 20 20 20
006b32: 20 20 20 20 20 20 20 20
006b3a: 20 20 20 20 20 20 20 20
006b42: 20 20 20 20 20 20 20 20
006b4a: 20 20 20 20 20 20 20 20
006b52: 20 20 20 20 20 20 20 20
006b5a: 20 20 20 20 20 20 20 20
006b62: 20 20 20 20 20 20 20 20
006b6a: 20 20 20 20 20 20 20 20
006b72: 20 20 20 20 20 20 20 20
006b7a: 20 20 20 20 20 20 20 20
006b82: 20 20 20 20 20 20 20 20
006b8a: 20 20 20 20 20 20 20 20
006b92: 20 20 20 20 20 20 20 20
006b9a: 20 20 20 20 20 20 20 20
006ba2: 20 20 20 20 20 20 20 20
006baa: 20 20 20 20 20 20 20 20
006bb2: 20 20 20 20 20 20 20 20
006bba: 20 20 20 20 20 20 20 20
006bc2: 20 20 20 20 20 20 20 20
006bca: 20 20 20 20 20 20 20 20
006bd2: 20 20 20 20 20 20 20 20
006bda: 20 20 20 20 20 20 20 20
006be2: 20 20 20 20 20 20 20 20
006bea: 20 20 20 20 20 20 20 20
006bf2: 20 20 20 20 20 20 20 20
006bfa: 20 20 20 20 20 20 20 20
006c02: 20 20 20 20 20 20 20 20
006c0a: 20 20 20 20 20 20 20 20
006c12: 20 20 20 20 20 20 20 20
006c1a: 20 20 20 20 20 20 20 20
006c22: 20 20 20 20 20 20 20 20
006c2a: 20 20 20 20 20 20 20 20
006c32: 20 20 20 20 20 20 20 20
006c3a: 20 20 20 20 20 20 20 20
006c42: 20 20 20 20 20 20 20 20
006c4a: 20 20 20 20 20 20 20 20
006c52: 20 20 20 20 20 20 20 20
006c5a: 20 20 20 20 20 20 20 20
006c62: 20 20 20 20 20 20 20 20
006c6a: 20 20 20 20 20 20 20 20
006c72: 20 20 20 20 20 20 20 20
006c7a: 20 20 20 20 20 20 20 20
006c82: 20 20 20 20 20 20 20 20
006c8a: 20 20 20 20 20 20 20 20
006c92: 20 20 20 20 20 20 20 20
006c9a: 20 20 20 20 20 20 20 20
006ca2: 20 20 20 20 20 20 20 20
006caa: 20 20 20 20 20 20 20 20
006cb2: 20 20 20 20 20 20 20 20
006cba: 20 20 20 20 20 20 20 20
006cc2: 20 20 20 20 20 20 20 20
006cca: 20 20 20 20 20 20 20 20
006cd2: 20 20 20 20 20 20 20 20
006cda: 20 20 20 20 20 20 20 20
006ce2: 20 20 20 20 20 20 20 20
006cea: 20 20 20 20 20 20 20 20
006cf2: 20 20 20 20 20 20 20 20
006cfa: 20 20 20 20 20 20 20 20
006d02: 20 20 20 20 20 20 20 20
006d0a: 20 20 20 20 20 20 20 20
006d12: 20 20 20 20 20 20 20 20
006d1a: 20 20 20 20 20 20 20 20
006d22: 20 20 20 20 20 20 20 20
006d2a: 20 20 20 20 20 20 20 20
006d32: 20 20 20 20 20 20 20 20
006d3a: 20 20 20 20 20 20 20 20
006d42: 20 20 20 20 20 20 20 20
006d4a: 20 20 20 20 20 20 20 20
006d52: 20 20 20 20 20 20 20 20
006d5a: 20 20 20 20 20 20 20 20
006d62: 20 20 20 20 20 20 20 20
006d6a: 20 20 20 20 20 20 20 20
006d72: 20 20 20 20 20 20 20 20
006d7a: 20 20 20 20 20 20 20 20
006d82: 20 20 20 20 20 20 20 20
006d8a: 20 20 20 20 20 20 20 20
006d92: 20 20 20 20 20 20 20 20
006d9a: 20 20 20 20 20 20 20 20
006da2: 20 20 20 20 20 20 20 20
006daa: 20 20 20 20 20 20 20 20
006db2: 20 20 20 20 20 20 20 20
006dba: 20 20 20 20 20 20 20 20
006dc2: 20 20 20 20 20 20 20 20
006dca: 20 20 20 20 20 20 20 20
006dd2: 20 20 20 20 20 20 20 20
006dda: 20 20 20 20 20 20 20 20
006de2: 20 20 20 20 20 20 20 20
006dea: 20 20 20 20 20 20 20 20
006df2: 20 20 20 20 20 20 20 20
006dfa: 20 20 20 20 20 20 20 20
006e02: 20 20 20 20 20 20 20 20
006e0a: 20 20 20 20 20 20 20 20
006e12: 20 20 20 20 20 20 20 20
006e1a: 20 20 20 20 20 20 20 20
006e22: 20 20 20 20 20 20 20 20
006e2a: 20 20 20 20 20 20 20 20
006e32: 20 20 20 20 20 20 20 20
006e3a: 20 20 20 20 20 20 20 20
006e42: 20 20 20 20 20 20 20 20
006e4a: 20 20 20 20 20 20 20 20
006e52: 20 20 20 20 20 20 20 20
006e5a: 20 20 20 20 20 20 20 20
006e62: 20 20 20 20 20 20 20 20
006e6a: 20 20 20 20 20 20 20 20
006e72: 20 20 20 20 20 20 20 20
006e7a: 20 20 20 20 20 20 20 20
006e82: 20 20 20 20 20 20 20 20
006e8a: 20 20 20 20 20 20 20 20
006e92: 20 20 20 20 20 20 20 20
006e9a: 20 20 20 20 20 20 20 20
006ea2: 20 20 20 20 20 20 20 20
006eaa: 20 20 20 20 20 20 20 20
006eb2: 20 20 20 20 20 20 20 20
006eba: 20 20 20 20 20 20 20 20
006ec2: 20 20 20 20 20 20 20 20
006eca: 20 20 20 20 20 20 20 20
006ed2: 20 20 20 20 20 20 20 20
006eda: 20 20 20 20 20 20 20 20
006ee2: 20 20 20 20 20 20 20 20
006eea: 20 20 20 20 20 20 20 20
006ef2: 20 20 20 20 20 20 20 20
006efa: 20 20 20 20 20 20 20 20
006f02: 20 20 20 20 20 20 20 20
006f0a: 20 20 20 20 20 20 20 20
006f12: 20 20 20 20 20 20 20 20
006f1a: 20 20 20 20 20 20 20 20
006f22: 20 20 20 20 20 20 20 20
006f2a: 20 20 20 20 20 20 20 20
006f32: 20 20 20 20 20 20 20 20
006f3a: 20 20 20 20 20 20 20 20
006f42: 20 20 20 20 20 20 20 20
006f4a: 20 20 20 20 20 20 20 20
006f52: 20 20 20 20 20 20 20 20
006f5a: 20 20 20 20 20 20 20 20
006f62: 20 20 20 20 20 20 20 20
006f6a: 20 20 20 20 20 20 20 20
006f72: 20 20 20 20 20 20 20 20
006f7a: 20 20 20 20 20 20 20 20
006f82: 20 20 20 20 20 20 20 20
006f8a: 20 20 20 20 20 20 20 20
006f92: 20 20 20 20 20 20 20 20
006f9a: 20 20 20 20 20 20 20 20
006fa2: 20 20 20 20 20 20 20 20
006faa: 20 20 20 20 20 20 20 20
006fb2: 20 20 20 20 20 20 20 20
006fba: 20 20 20 20 20 20 20 20
006fc2: 20 20 20 20 20 20 20 20
006fca: 20 20 20 20 20 20 20 20
006fd2: 20 20 20 20 20 20 20 20
006fda: 20 20 20 20 20 20 20 20
006fe2: 20 20 20 20 20 20 20 20
006fea: 20 20 20 20 20 20 20 20
006ff2: 20 20 20 20 20 20 20 20
006ffa: 20 20 20 20 20 20 20 20
007002: 20 20 20 20 20 20 20 20
00700a: 20 20 20 20 20 20 20 20
007012: 20 20 20 20 20 20 20 20
00701a: 20 20 20 20 20 20 20 20
007022: 20 20 20 20 20 20 20 20
00702a: 20 20 20 20 20 20 20 20
007032: 20 20 20 20 20 20 20 20
00703a: 20 20 20 20 20 20 20 20
007042: 20 20 20 20 20 20 20 20
00704a: 20 20 20 20 20 20 20 20
007052: 20 20 20 20 20 20 20 20
00705a: 20 20 20 20 20 20 20 20
007062: 20 20 20 20 20 20 20 20
00706a: 20 20 20 20 20 20 20 20
007072: 20 20 20 20 20 20 20 20
00707a: 20 20 20 20 20 20 20 20
007082: 20 20 20 20 20 20 20 20
00708a: 20 20 20 20 20 20 20 20
007092: 20 20 20 20 20 20 20 20
00709a: 20 20 20 20 20 20 20 20
0070a2: 20 20 20 20 20 20 20 20
0070aa: 20 20 20 20 20 20 20 20
0070b2: 20 20 20 20 20 20 20 20
0070ba: 20 20 20 20 20 20 20 20
0070c2: 20 20 20 20 20 20 20 20
0070ca: 20 20 20 20 20 20 20 20
0070d2: 20 20 20 20 20 20 20 20
0070da: 20 20 20 20 20 20 20 20
0070e2: 20 20 20 20 20 20 20 20
0070ea: 20 20 20 20 20 20 20 20
0070f2: 20 20 20 20 20 20 20 20
0070fa: 20 20 20 20 20 20 20 20
007102: 20 20 20 20 20 20 20 20
00710a: 20 20 20 20 20 20 20 20
007112: 20 20 20 20 20 20 20 20
00711a: 20 20 20 20 20 20 20 20
007122: 20 20 20 20 20 20 20 20
00712a: 20 20 20 20 20 20 20 20
007132: 20 20 20 20 20 20 20 20
00713a: 20 20 20 20 20 20 20 20
007142: 20 20 20 20 20 20 20 20
00714a: 20 20 20 20 20 20 20 20
007152: 20 20 20 20 20 20 20 20
00715a: 20 20 20 20 20 20 20 20
007162: 20 20 20 20 20 20 20 20
00716a: 20 20 20 20 20 20 20 20
007172: 20 20 20 20 20 20 20 20
00717a: 20 20 20 20 20 20 20 20
007182: 20 20 20 20 20 20 20 20
00718a: 20 20 20 20 20 20 20 20
007192: 20 20 20 20 20 20 20 20
00719a: 20 20 20 20 20 20 20 20
0071a2: 20 20 20 20 20 20 20 20
0071aa: 20 20 20 20 20 20 20 20
0071b2: 20 20 20 20 20 20 20 20
0071ba: 20 20 20 20 20 20 20 20
0071c2: 20 20 20 20 20 20 20 20
0071ca: 20 20 20 20 20 20 20 20
0071d2: 20 20 20 20 20 20 20 20
0071da: 20 20 20 20 20 20 20 20
0071e2: 20 20 20 20 20 20 20 20
0071ea: 20 20 20 20 20 20 20 20
0071f2: 20 20 20 20 20 20 20 20
0071fa: 20 20 20 20 20 20 20 20
007202: 20 20 20 20 20 20 20 20
00720a: 20 20 20 20 20 20 20 20
007212: 20 20 20 20 20 20 20 20
00721a: 20 20 20 20 20 20 20 20
007222: 20 20 20 20 20 20 20 20
00722a: 20 20 20 20 20 20 20 20
007232: 20 20 20 20 20 20 20 20
00723a: 20 20 20 20 20 20 20 20
007242: 20 20 20 20 20 20 20 20
00724a: 20 20 20 20 20 20 20 20
007252: 20 20 20 20 20 20 20 20
00725a: 20 20 20 20 20 20 20 20
007262: 20 20 20 20 20 20 20 20
00726a: 20 20 20 20 20 20 20 20
007272: 20 20 20 20 20 20 20 20
00727a: 20 20 20 20 20 20 20 20
007282: 20 20 20 20 20 20 20 20
00728a: 20 20 20 20 20 20 20 20
007292: 20 20 20 20 20 20 20 20
00729a: 20 20 20 20 20 20 20 20
0072a2: 20 20 20 20 20 20 20 20
0072aa: 20 20 20 20 20 20 20 20
0072b2: 20 20 20 20 20 20 20 20
0072ba: 20 20 20 20 20 20 20 20
0072c2: 20 20 20 20 20 20 20 20
0072ca: 20 20 20 20 20 20 20 20
0072d2: 20 20 20 20 20 20 20 20
0072da: 20 20 20 20 20 20 20 20
0072e2: 20 20 20 20 20 20 20 20
0072ea: 20 20 20 20 20 20 20 20
0072f2: 20 20 20 20 20 20 20 20
0072fa: 20 20 20 20 20 20 20 20
007302: 20 20 20 20 20 20 20 20
00730a: 20 20 20 20 20 20 20 20
007312: 20 20 20 20 20 20 20 20
00731a: 20 20 20 20 20 20 20 20
007322: 20 20 20 20 20 20 20 20
00732a: 20 20 20 20 20 20 20 20
007332: 20 20 20 20 20 20 20 20
00733a: 20 20 20 20 20 20 20 20
007342: 20 20 20 20 20 20 20 20
00734a: 20 20 20 20 20 20 20 20
007352: 20 20 20 20 20 20 20 20
00735a: 20 20 20 20 20 20 20 20
007362: 20 20 20 20 20 20 20 20
00736a: 20 20 20 20 20 20 20 20
007372: 20 20 20 20 20 20 20 20
00737a: 20 20 20 20 20 20 20 20
007382: 20 20 20 20 20 20 20 20
00738a: 20 20 20 20 20 20 20 20
007392: 20 20 20 20 20 20 20 20
00739a: 20 20 20 20 20 20 20 20
0073a2: 20 20 20 20 20 20 20 20
0073aa: 20 20 20 20 20 20 20 20
0073b2: 20 20 20 20 20 20 20 20
0073ba: 20 20 20 20 20 20 20 20
0073c2: 20 20 20 20 20 20 20 20
0073ca: 20 20 20 20 20 20 20 20
0073d2: 20 20 20 20 20 20 20 20
0073da: 20 20 20 20 20 20 20 20
0073e2: 20 20 20 20 20 20 20 20
0073ea: 20 20 20 20 20 20 20 20
0073f2: 20 20 20 20 20 20 20 20
0073fa: 20 20 20 20 20 20 20 20
007402: 20 20 20 20 20 20 20 20
00740a: 20 20 20 20 20 20 20 20
007412: 20 20 20 20 20 20 20 20
00741a: 20 20 20 20 20 20 20 20
007422: 20 20 20 20 20 20 20 20
00742a: 20 20 20 20 20 20 20 20
007432: 20 20 20 20 20 20 20 20
00743a: 20 20 20 20 20 20 20 20
007442: 20 20 20 20 20 20 20 20
00744a: 20 20 20 20 20 20 20 20
007452: 20 20 20 20 20 20 20 20
00745a: 20 20 20 20 20 20 20 20
007462: 20 20 20 20 20 20 20 20
00746a: 20 20 20 20 20 20 20 20
007472: 20 20 20 20 20 20 20 20
00747a: 20 20 20 20 20 20 20 20
007482: 20 20 20 20 20 20 20 20
00748a: 20 20 20 20 20 20 20 20
007492: 20 20 20 20 20 20 20 20
00749a: 20 20 20 20 20 20 20 20
0074a2: 20 20 20 20 20 20 20 20
0074aa: 20 20 20 20 20 20 20 20
0074b2: 20 20 20 20 20 20 20 20
0074ba: 20 20 20 20 20 20 20 20
0074c2: 20 20 20 20 20 20 20 20
0074ca: 20 20 20 20 20 20 20 20
0074d2: 20 20 20 20 20 20 20 20
0074da: 20 20 20 20 20 20 20 20
0074e2: 20 20 20 20 20 20 20 20
0074ea: 20 20 20 20 20 20 20 20
0074f2: 20 20 20 20 20 20 20 20
0074fa: 20 20 20 20 20 20 20 20
007502: 20 20 20 20 20 20 20 20
00750a: 20 20 20 20 20 20 20 20
007512: 20 20 20 20 20 20 20 20
00751a: 20 20 20 20 20 20 20 20
007522: 20 20 20 20 20 20 20 20
00752a: 20 20 20 20 20 20 20 20
007532: 20 20 20 20 20 20 20 20
00753a: 20 20 20 20 20 20 20 20
007542: 20 20 20 20 20 20 20 20
00754a: 20 20 20 20 20 20 20 20
007552: 20 20 20 20 20 20 20 20
00755a: 20 20 20 20 20 20 20 20
007562: 20 20 20 20 20 20 20 20
00756a: 20 20 20 20 20 20 20 20
007572: 20 20 20 20 20 20 20 20
00757a: 20 20 20 20 20 20 20 20
007582: 20 20 20 20 20 20 20 20
00758a: 20 20 20 20 20 20 20 20
007592: 20 20 20 20 20 20 20 20
00759a: 20 20 20 20 20 20 20 20
0075a2: 20 20 20 20 20 20 20 20
0075aa: 20 20 20 20 20 20 20 20
0075b2: 20 20 20 20 20 20 20 20
0075ba: 20 20 20 20 20 20 20 20
0075c2: 20 20 20 20 20 20 20 20
0075ca: 20 20 20 20 20 20 20 20
0075d2: 20 20 20 20 20 20 20 20
0075da: 20 20 20 20 20 20 20 20
0075e2: 20 20 20 20 20 20 20 20
0075ea: 20 20 20 20 20 20 20 20
0075f2: 20 20 20 20 20 20 20 20
0075fa: 20 20 20 20 20 20 20 20
007602: 20 20 20 20 20 20 20 20
00760a: 20 20 20 20 20 20 20 20
007612: 20 20 20 20 20 20 20 20
00761a: 20 20 20 20 20 20 20 20
007622: 20 20 20 20 20 20 20 20
00762a: 20 20 20 20 20 20 20 20
007632: 20 20 20 20 20 20 20 20
00763a: 20 20 20 20 20 20 20 20
007642: 20 20 20 20 20 20 20 20
00764a: 20 20 20 20 20 20 20 20
007652: 20 20 20 20 20 20 20 20
00765a: 20 20 20 20 20 20 20 20
007662: 20 20 20 20 20 20 20 20
00766a: 20 20 20 20 20 20 20 20
007672: 20 20 20 20 20 20 20 20
00767a: 20 20 20 20 20 20 20 20
007682: 20 20 20 20 20 20 20 20
00768a: 20 20 20 20 20 20 20 20
007692: 20 20 20 20 20 20 20 20
00769a: 20 20 20 20 20 20 20 20
0076a2: 20 20 20 20 20 20 20 20
0076aa: 20 20 20 20 20 20 20 20
0076b2: 20 20 20 20 20 20 20 20
0076ba: 20 20 20 20 20 20 20 20
0076c2: 20 20 20 20 20 20 20 20
0076ca: 20 20 20 20 20 20 20 20
0076d2: 20 20 20 20 20 20 20 20
0076da: 20 20 20 20 20 20 20 20
0076e2: 20 20 20 20 20 20 20 20
0076ea: 20 20 20 20 20 20 20 20
0076f2: 20 20 20 20 20 20 20 20
0076fa: 20 20 20 20 20 20 20 20
007702: 20 20 20 20 20 20 20 20
00770a: 20 20 20 20 20 20 20 20
007712: 20 20 20 20 20 20 20 20
00771a: 20 20 20 20 20 20 20 20
007722: 20 20 20 20 20 20 20 20
00772a: 20 20 20 20 20 20 20 20
007732: 20 20 20 20 20 20 20 20
00773a: 20 20 20 20 20 20 20 20
007742: 20 20 20 20 20 20 20 20
00774a: 20 20 20 20 20 20 20 20
007752: 20 20 20 20 20 20 20 20
00775a: 20 20 20 20 20 20 20 20
007762: 20 20 20 20 20 20 20 20
00776a: 20 20 20 20 20 20 20 20
007772: 20 20 20 20 20 20 20 20
00777a: 20 20 20 20 20 20 20 20
007782: 20 20 20 20 20 20 20 20
00778a: 20 20 20 20 20 20 20 20
007792: 20 20 20 20 20 20 20 20
00779a: 20 20 20 20 20 20 20 20
0077a2: 20 20 20 20 20 20 20 20
0077aa: 20 20 20 20 20 20 20 20
0077b2: 20 20 20 20 20 20 20 20
0077ba: 20 20 20 20 20 20 20 20
0077c2: 20 20 20 20 20 20 20 20
0077ca: 20 20 20 20 20 20 20 20
0077d2: 20 20 20 20 20 20 20 20
0077da: 20 20 20 20 20 20 20 20
0077e2: 20 20 20 20 20 20 20 20
0077ea: 20 20 20 20 20 20 20 20
0077f2: 20 20 20 20 20 20 20 20
0077fa: 20 20 20 20 20 20 20 20
007802: 20 20 20 20 20 20 20 20
00780a: 20 20 20 20 20 20 20 20
007812: 20 20 20 20 20 20 20 20
00781a: 20 20 20 20 20 20 20 20
007822: 20 20 20 20 20 20 20 20
00782a: 20 20 20 20 20 20 20 20
007832: 20 20 20 20 20 20 20 20
00783a: 20 20 20 20 20 20 20 20
007842: 20 20 20 20 20 20 20 20
00784a: 20 20 20 20 20 20 20 20
007852: 20 20 20 20 20 20 20 20
00785a: 20 20 20 20 20 20 20 20
007862: 20 20 20 20 20 20 20 20
00786a: 20 20 20 20 20 20 20 20
007872: 20 20 20 20 20 20 20 20
00787a: 20 20 20 20 20 20 20 20
007882: 20 20 20 20 20 20 20 20
00788a: 20 20 20 20 20 20 20 20
007892: 20 20 20 20 20 20 20 20
00789a: 20 20 20 20 20 20 20 20
0078a2: 20 20 20 20 20 20 20 20
0078aa: 20 20 20 20 20 20 20 20
0078b2: 20 20 20 20 20 20 20 20
0078ba: 20 20 20 20 20 20 20 20
0078c2: 20 20 20 20 20 20 20 20
0078ca: 20 20 20 20 20 20 20 20
0078d2: 20 20 20 20 20 20 20 20
0078da: 20 20 20 20 20 20 20 20
0078e2: 20 20 20 20 20 20 20 20
0078ea: 20 20 20 20 20 20 20 20
0078f2: 20 20 20 20 20 20 20 20
0078fa: 20 20 20 20 20 20 20 20
007902: 20 20 20 20 20 20 20 20
00790a: 20 20 20 20 20 20 20 20
007912: 20 20 20 20 20 20 20 20
00791a: 20 20 20 20 20 20 20 20
007922: 20 20 20 20 20 20 20 20
00792a: 20 20 20 20 20 20 20 20
007932: 20 20 20 20 20 20 20 20
00793a: 20 20 20 20 20 20 20 20
007942: 20 20 20 20 20 20 20 20
00794a: 20 20 20 20 20 20 20 20
007952: 20 20 20 20 20 20 20 20
00795a: 20 20 20 20 20 20 20 20
007962: 20 20 20 20 20 20 20 20
00796a: 20 20 20 20 20 20 20 20
007972: 20 20 20 20 20 20 20 20
00797a: 20 20 20 20 20 20 20 20
007982: 20 20 20 20 20 20 20 20
00798a: 20 20 20 20 20 20 20 20
007992: 20 20 20 20 20 20 20 20
00799a: 20 20 20 20 20 20 20 20
0079a2: 20 20 20 20 20 20 20 20
0079aa: 20 20 20 20 20 20 20 20
0079b2: 20 20 20 20 20 20 20 20
0079ba: 20 20 20 20 20 20 20 20
0079c2: 20 20 20 20 20 20 20 20
0079ca: 20 20 20 20 20 20 20 20
0079d2: 20 20 20 20 20 20 20 20
0079da: 20 20 20 20 20 20 20 20
0079e2: 20 20 20 20 20 20 20 20
0079ea: 20 20 20 20 20 20 20 20
0079f2: 20 20 20 20 20 20 20 20
0079fa: 20 20 20 20 20 20 20 20
007a02: 20 20 20 20 20 20 20 20
007a0a: 20 20 20 20 20 20 20 20
007a12: 20 20 20 20 20 20 20 20
007a1a: 20 20 20 20 20 20 20 20
007a22: 20 20 20 20 20 20 20 20
007a2a: 20 20 20 20 20 20 20 20
007a32: 20 20 20 20 20 20 20 20
007a3a: 20 20 20 20 20 20 20 20
007a42: 20 20 20 20 20 20 20 20
007a4a: 20 20 20 20 20 20 20 20
007a52: 20 20 20 20 20 20 20 20
007a5a: 20 20 20 20 20 20 20 20
007a62: 20 20 20 20 20 20 20 20
007a6a: 20 20 20 20 20 20 20 20
007a72: 20 20 20 20 20 20 20 20
007a7a: 20 20 20 20 20 20 20 20
007a82: 20 20 20 20 20 20 20 20
007a8a: 20 20 20 20 20 20 20 20
007a92: 20 20 20 20 20 20 20 20
007a9a: 20 20 20 20 20 20 20 20
007aa2: 20 20 20 20 20 20 20 20
007aaa: 20 20 20 20 20 20 20 20
007ab2: 20 20 20 20 20 20 20 20
007aba: 20 20 20 20 20 20 20 20
007ac2: 20 20 20 20 20 20 20 20
007aca: 20 20 20 20 20 20 20 20
007ad2: 20 20 20 20 20 20 20 20
007ada: 20 20 20 20 20 20 20 20
007ae2: 20 20 20 20 20 20 20 20
007aea: 20 20 20 20 20 20 20 20
007af2: 20 20 20 20 20 20 20 20
007afa: 20 20 20 20 20 20 20 20
007b02: 20 20 20 20 20 20 20 20
007b0a: 20 20 20 20 20 20 20 20
007b12: 20 20 20 20 20 20 20 20
007b1a: 20 20 20 20 20 20 20 20
007b22: 20 20 20 20 20 20 20 20
007b2a: 20 20 20 20 20 20 20 20
007b32: 20 20 20 20 20 20 20 20
007b3a: 20 20 20 20 20 20 20 20
007b42: 20 20 20 20 20 20 20 20
007b4a: 20 20 20 20 20 20 20 20
007b52: 20 20 20 20 20 20 20 20
007b5a: 20 20 20 20 20 20 20 20
007b62: 20 20 20 20 20 20 20 20
007b6a: 20 20 20 20 20 20 20 20
007b72: 20 20 20 20 20 20 20 20
007b7a: 20 20 20 20 20 20 20 20
007b82: 20 20 20 20 20 20 20 20
007b8a: 20 20 20 20 20 20 20 20
007b92: 20 20 20 20 20 20 20 20
007b9a: 20 20 20 20 20 20 20 20
007ba2: 20 20 20 20 20 20 20 20
007baa: 20 20 20 20 20 20 20 20
007bb2: 20 20 20 20 20 20 20 20
007bba: 20 20 20 20 20 20 20 20
007bc2: 20 20 20 20 20 20 20 20
007bca: 20 20 20 20 20 20 20 20
007bd2: 20 20 20 20 20 20 20 20
007bda: 20 20 20 20 20 20 20 20
007be2: 20 20 20 20 20 20 20 20
007bea: 20 20 20 20 20 20 20 20
007bf2: 20 20 20 20 20 20 20 20
007bfa: 20 20 20 20 20 20 20 20
007c02: 20 20 20 20 20 20 20 20
007c0a: 20 20 20 20 20 20 20 20
007c12: 20 20 20 20 20 20 20 20
007c1a: 20 20 20 20 20 20 20 20
007c22: 20 20 20 20 20 20 20 20
007c2a: 20 20 20 20 20 20 20 20
007c32: 20 20 20 20 20 20 20 20
007c3a: 20 20 20 20 20 20 20 20
007c42: 20 20 20 20 20 20 20 20
007c4a: 20 20 20 20 20 20 20 20
007c52: 20 20 20 20 20 20 20 20
007c5a: 20 20 20 20 20 20 20 20
007c62: 20 20 20 20 20 20 20 20
007c6a: 20 20 20 20 20 20 20 20
007c72: 20 20 20 20 20 20 20 20
007c7a: 20 20 20 20 20 20 20 20
007c82: 20 20 20 20 20 20 20 20
007c8a: 20 20 20 20 20 20 20 20
007c92: 20 20 20 20 20 20 20 20
007c9a: 20 20 20 20 20 20 20 20
007ca2: 20 20 20 20 20 20 20 20
007caa: 20 20 20 20 20 20 20 20
007cb2: 20 20 20 20 20 20 20 20
007cba: 20 20 20 20 20 20 20 20
007cc2: 20 20 20 20 20 20 20 20
007cca: 20 20 20 20 20 20 20 20
007cd2: 20 20 20 20 20 20 20 20
007cda: 20 20 20 20 20 20 20 20
007ce2: 20 20 20 20 20 20 20 20
007cea: 20 20 20 20 20 20 20 20
007cf2: 20 20 20 20 20 20 20 20
007cfa: 20 20 20 20 20 20 20 20
007d02: 20 20 20 20 20 20 20 20
007d0a: 20 20 20 20 20 20 20 20
007d12: 20 20 20 20 20 20 20 20
007d1a: 20 20 20 20 20 20 20 20
007d22: 20 20 20 20 20 20 20 20
007d2a: 20 20 20 20 20 20 20 20
007d32: 20 20 20 20 20 20 20 20
007d3a: 20 20 20 20 20 20 20 20
007d42: 20 20 20 20 20 20 20 20
007d4a: 20 20 20 20 20 20 20 20
007d52: 20 20 20 20 20 20 20 20
007d5a: 20 20 20 20 20 20 20 20
007d62: 20 20 20 20 20 20 20 20
007d6a: 20 20 20 20 20 20 20 20
007d72: 20 20 20 20 20 20 20 20
007d7a: 20 20 20 20 20 20 20 20
007d82: 20 20 20 20 20 20 20 20
007d8a: 20 20 20 20 20 20 20 20
007d92: 20 20 20 20 20 20 20 20
007d9a: 20 20 20 20 20 20 20 20
007da2: 20 20 20 20 20 20 20 20
007daa: 20 20 20 20 20 20 20 20
007db2: 20 20 20 20 20 20 20 20
007dba: 20 20 20 20 20 20 20 20
007dc2: 20 20 20 20 20 20 20 20
007dca: 20 20 20 20 20 20 20 20
007dd2: 20 20 20 20 20 20 20 20
007dda: 20 20 20 20 20 20 20 20
007de2: 20 20 20 20 20 20 20 20
007dea: 20 20 20 20 20 20 20 20
007df2: 20 20 20 20 20 20 20 20
007dfa: 20 20 20 20 20 20 20 20
007e02: 20 20 20 20 20 20 20 20
007e0a: 20 20 20 20 20 20 20 20
007e12: 20 20 20 20 20 20 20 20
007e1a: 20 20 20 20 20 20 20 20
007e22: 20 20 20 20 20 20 20 20
007e2a: 20 20 20 20 20 20 20 20
007e32: 20 20 20 20 20 20 20 20
007e3a: 20 20 20 20 20 20 20 20
007e42: 20 20 20 20 20 20 20 20
007e4a: 20 20 20 20 20 20 20 20
007e52: 20 20 20 20 20 20 20 20
007e5a: 20 20 20 20 20 20 20 20
007e62: 20 20 20 20 20 20 20 20
007e6a: 20 20 20 20 20 20 20 20
007e72: 20 20 20 20 20 20 20 20
007e7a: 20 20 20 20 20 20 20 20
007e82: 20 20 20 20 20 20 20 20
007e8a: 20 20 20 20 20 20 20 20
007e92: 20 20 20 20 20 20 20 20
007e9a: 20 20 20 20 20 20 20 20
007ea2: 20 20 20 20 20 20 20 20
007eaa: 20 20 20 20 20 20 20 20
007eb2: 20 20 20 20 20 20 20 20
007eba: 20 20 20 20 20 20 20 20
007ec2: 20 20 20 20 20 20 20 20
007eca: 20 20 20 20 20 20 20 20
007ed2: 20 20 20 20 20 20 20 20
007eda: 20 20 20 20 20 20 20 20
007ee2: 20 20 20 20 20 20 20 20
007eea: 20 20 20 20 20 20 20 20
007ef2: 20 20 20 20 20 20 20 20
007efa: 20 20 20 20 20 20 20 20
007f02: 20 20 20 20 20 20 20 20
007f0a: 20 20 20 20 20 20 20 20
007f12: 20 20 20 20 20 20 20 20
007f1a: 20 20 20 20 20 20 20 20
007f22: 20 20 20 20 20 20 20 20
007f2a: 20 20 20 20 20 20 20 20
007f32: 20 20 20 20 20 20 20 20
007f3a: 20 20 20 20 20 20 20 20
007f42: 20 20 20 20 20 20 20 20
007f4a: 20 20 20 20 20 20 20 20
007f52: 20 20 20 20 20 20 20 20
007f5a: 20 20 20 20 20 20 20 20
007f62: 20 20 20 20 20 20 20 20
007f6a: 20 20 20 20 20 20 20 20
007f72: 20 20 20 20 20 20 20 20
007f7a: 20 20 20 20 20 20 20 20
007f82: 20 20 20 20 20 20 20 20
007f8a: 20 20 20 20 20 20 20 20
007f92: 20 20 20 20 20 20 20 20
007f9a: 20 20 20 20 20 20 20 20
007fa2: 20 20 20 20 20 20 20 20
007faa: 20 20 20 20 20 20 20 20
007fb2: 20 20 20 20 20 20 20 20
007fba: 20 20 20 20 20 20 20 20
007fc2: 20 20 20 20 20 20 20 20
007fca: 20 20 20 20 20 20 20 20
007fd2: 20 20 20 20 20 20 20 20
007fda: 20 20 20 20 20 20 20 20
007fe2: 20 20 20 20 20 20 20 20
007fea: 20 20 20 20 20 20 20 20
007ff2: 20 20 20 20 20 20 20 20
007ffa: 20 20 20 20 20 20

[ENDIF]
	Selected {IF FILE_ADDRESS % 16384} block.


<< label >>
BAKCLR 62442 ( 0xf3ea )
BDRCLR 62443 ( 0xf3eb )
CALATR 135 ( 0x87 )
CALLF 48 ( 0x30 )
CALPAT 132 ( 0x84 )
CALSLT 28 ( 0x1c )
CHGCLR 98 ( 0x62 )
CHGMOD 95 ( 0x5f )
CHKRAM 0 ( 0x0 )
CHRGTR 16 ( 0x10 )
CLRSPR 105 ( 0x69 )
DCOMPR 32 ( 0x20 )
DISSCR 65 ( 0x41 )
ENASCR 71 ( 0x47 )
ENASLT 36 ( 0x24 )
ENTRY_POINT 16400 ( 0x4010 )
EXBRSA 64248 ( 0xfaf8 )
EXPTBL0 64705 ( 0xfcc1 )
EXPTBL1 64706 ( 0xfcc2 )
EXPTBL2 64707 ( 0xfcc3 )
EXPTBL3 64708 ( 0xfcc4 )
FILVRM 86 ( 0x56 )
FORCLR 62457 ( 0xf3f9 )
GETYPR 40 ( 0x28 )
GICINI 144 ( 0x90 )
GRPPRT 141 ( 0x8d )
GSPSIZ 138 ( 0x8a )
HIMEM 64586 ( 0xfc4a )
H_TIMI 64927 ( 0xfd9f )
INIFNK 62 ( 0x3e )
INIGRP 114 ( 0x72 )
INIMLT 117 ( 0x75 )
INIT32 111 ( 0x6f )
INITIALIZE 16412 ( 0x401c )
INITIO 59 ( 0x3b )
INITTXT 108 ( 0x6c )
INTERRUPT_HANDLER 16453 ( 0x4045 )
IO_BASE_SLOT 168 ( 0xa8 )
IO_MEMMAP0 252 ( 0xfc )
IO_MEMMAP1 253 ( 0xfd )
IO_MEMMAP2 254 ( 0xfe )
IO_MEMMAP3 255 ( 0xff )
IO_PSG_ADR 160 ( 0xa0 )
IO_PSG_DATA_RD 162 ( 0xa2 )
IO_PSG_DATA_WR 161 ( 0xa1 )
IO_VDP_PORT0 152 ( 0x98 )
IO_VDP_PORT0_MSX1_ADP 136 ( 0x88 )
IO_VDP_PORT1 153 ( 0x99 )
IO_VDP_PORT1_MSX1_ADP 137 ( 0x89 )
IO_VDP_PORT2 154 ( 0x9a )
IO_VDP_PORT2_MSX1_ADP 138 ( 0x8a )
IO_VDP_PORT3 155 ( 0x9b )
IO_VDP_PORT3_MSX1_ADP 139 ( 0x8b )
KEYINT 56 ( 0x38 )
LDIRMV 89 ( 0x59 )
LDIRVM 92 ( 0x5c )
MAIN 16450 ( 0x4042 )
MUSIC_INDEX 49158 ( 0xc006 )
MUSIC_TABLE 16753 ( 0x4171 )
NEW_H_TIMI 16447 ( 0x403f )
NMI 102 ( 0x66 )
O1 0 ( 0x0 )
O2 12 ( 0xc )
O3 24 ( 0x18 )
O4 36 ( 0x24 )
O5 48 ( 0x30 )
O6 60 ( 0x3c )
O7 72 ( 0x48 )
O8 84 ( 0x54 )
OLD_H_TIMI 49152 ( 0xc000 )
OUTDO 24 ( 0x18 )
PLAY_MUSIC 16483 ( 0x4063 )
RDPSG 150 ( 0x96 )
RDSLT 12 ( 0xc )
RDVRM 74 ( 0x4a )
SC0_W40_PAT_GEN 2048 ( 0x800 )
SC0_W40_PAT_NAME 0 ( 0x0 )
SC0_W80_BLINK 2048 ( 0x800 )
SC0_W80_PAT_GEN 4096 ( 0x1000 )
SC0_W80_PAT_NAME 0 ( 0x0 )
SC1_PAT_GEN 0 ( 0x0 )
SC1_PAT_NAME 6144 ( 0x1800 )
SC1_SPR_ATTR 6912 ( 0x1b00 )
SC1_SPR_GEN 14336 ( 0x3800 )
SC2_PAT_COL0 8192 ( 0x2000 )
SC2_PAT_COL1 10240 ( 0x2800 )
SC2_PAT_COL2 12288 ( 0x3000 )
SC2_PAT_GEN0 0 ( 0x0 )
SC2_PAT_GEN1 2048 ( 0x800 )
SC2_PAT_GEN2 4096 ( 0x1000 )
SC2_PAT_NAME 6144 ( 0x1800 )
SC2_SPR_ATTR 6912 ( 0x1b00 )
SC2_SPR_GEN 14336 ( 0x3800 )
SC3_PAT_GEN 0 ( 0x0 )
SC3_PAT_NAME 2048 ( 0x800 )
SC3_SPR_ATTR 6912 ( 0x1b00 )
SC3_SPR_GEN 14336 ( 0x3800 )
SC4_PAT_COL0 8192 ( 0x2000 )
SC4_PAT_COL1 10240 ( 0x2800 )
SC4_PAT_COL2 12288 ( 0x3000 )
SC4_PAT_GEN0 0 ( 0x0 )
SC4_PAT_GEN1 2048 ( 0x800 )
SC4_PAT_GEN2 4096 ( 0x1000 )
SC4_PAT_NAME 6144 ( 0x1800 )
SC4_SPR_ATTR 7680 ( 0x1e00 )
SC4_SPR_COL 7168 ( 0x1c00 )
SC4_SPR_GEN 14336 ( 0x3800 )
SC_INTERRUPT_HANDLER:EXIT 16478 ( 0x405e )
SC_MAIN:END_LOOP 16450 ( 0x4042 )
SC_PLAY_MUSIC:REST_PROCESS 16542 ( 0x409e )
SC_PLAY_MUSIC:REWIND_PROCESS 16554 ( 0x40aa )
SC_PLAY_MUSIC:TONE_PROCESS 16506 ( 0x407a )
SEC_COUNTER 49157 ( 0xc005 )
SETGRP 126 ( 0x7e )
SETMLT 129 ( 0x81 )
SETRD 80 ( 0x50 )
SETT32 123 ( 0x7b )
SETTXT 120 ( 0x78 )
SETWRT 83 ( 0x53 )
STRTMS 153 ( 0x99 )
SYNCHR 8 ( 0x8 )
TONE_TABLE 16561 ( 0x40b1 )
T_A 9 ( 0x9 )
T_AS 10 ( 0xa )
T_B 11 ( 0xb )
T_C 0 ( 0x0 )
T_CS 1 ( 0x1 )
T_D 2 ( 0x2 )
T_DS 3 ( 0x3 )
T_E 4 ( 0x4 )
T_END 255 ( 0xff )
T_F 5 ( 0x5 )
T_FS 6 ( 0x6 )
T_G 7 ( 0x7 )
T_GS 8 ( 0x8 )
T_R 254 ( 0xfe )
VDPCMD_HMMC 240 ( 0xf0 )
VDPCMD_HMMM 208 ( 0xd0 )
VDPCMD_HMMV 192 ( 0xc0 )
VDPCMD_LINE 112 ( 0x70 )
VDPCMD_LMCM 160 ( 0xa0 )
VDPCMD_LMMC 176 ( 0xb0 )
VDPCMD_LMMM 144 ( 0x90 )
VDPCMD_LMMV 128 ( 0x80 )
VDPCMD_POINT 64 ( 0x40 )
VDPCMD_PSET 80 ( 0x50 )
VDPCMD_SRCH 96 ( 0x60 )
VDPCMD_STOP 0 ( 0x0 )
VDPCMD_YMMM 224 ( 0xe0 )
VDPROP_AND 1 ( 0x1 )
VDPROP_EOR 17 ( 0x11 )
VDPROP_IMP 0 ( 0x0 )
VDPROP_NOT 256 ( 0x100 )
VDPROP_OR 16 ( 0x10 )
VDPROP_TAND 4097 ( 0x1001 )
VDPROP_TEOR 4113 ( 0x1011 )
VDPROP_TIMP 4096 ( 0x1000 )
VDPROP_TNOT 4352 ( 0x1100 )
VDPROP_TOR 4112 ( 0x1010 )
WRSLT 20 ( 0x14 )
WRTPSG 147 ( 0x93 )
WRVRM 77 ( 0x4d )
